2023-06-02 13:56:00,312 INFO:User 1 accessed the user details
2023-06-02 13:57:11,476 INFO:SELECT DATABASE()
2023-06-02 13:57:11,476 INFO:[raw sql] {}
2023-06-02 13:57:11,535 INFO:SELECT @@sql_mode
2023-06-02 13:57:11,550 INFO:[raw sql] {}
2023-06-02 13:57:11,572 INFO:SELECT @@lower_case_table_names
2023-06-02 13:57:11,572 INFO:[raw sql] {}
2023-06-02 13:57:11,651 INFO:BEGIN (implicit)
2023-06-02 13:57:11,656 INFO:SELECT user.id, user.username, user.hashed_password, user.email_add, user.is_active, user.role_id, user.date_updated, user.date_credited 
FROM user 
WHERE user.username = %(username_1)s
2023-06-02 13:57:11,656 INFO:[generated in 0.00181s] {'username_1': 'joeysabusido'}
2023-06-02 13:57:11,694 INFO:ROLLBACK
2023-06-02 14:20:27,779 INFO:SELECT DATABASE()
2023-06-02 14:20:27,780 INFO:[raw sql] {}
2023-06-02 14:20:27,847 INFO:SELECT @@sql_mode
2023-06-02 14:20:27,848 INFO:[raw sql] {}
2023-06-02 14:20:27,887 INFO:SELECT @@lower_case_table_names
2023-06-02 14:20:27,888 INFO:[raw sql] {}
2023-06-02 14:20:27,956 INFO:BEGIN (implicit)
2023-06-02 14:20:27,973 INFO:SELECT user.id, user.username, user.hashed_password, user.email_add, user.is_active, user.role_id, user.date_updated, user.date_credited 
FROM user 
WHERE user.username = %(username_1)s
2023-06-02 14:20:27,974 INFO:[generated in 0.00174s] {'username_1': 'joeysabusido1'}
2023-06-02 14:20:28,010 INFO:ROLLBACK
2023-06-02 14:20:41,755 INFO:BEGIN (implicit)
2023-06-02 14:20:41,755 INFO:SELECT user.id, user.username, user.hashed_password, user.email_add, user.is_active, user.role_id, user.date_updated, user.date_credited 
FROM user 
WHERE user.username = %(username_1)s
2023-06-02 14:20:41,756 INFO:[cached since 13.78s ago] {'username_1': 'joeysabusido'}
2023-06-02 14:20:41,838 INFO:ROLLBACK
2023-06-02 15:19:21,714 INFO:SELECT DATABASE()
2023-06-02 15:19:21,714 INFO:[raw sql] {}
2023-06-02 15:19:21,768 INFO:SELECT @@sql_mode
2023-06-02 15:19:21,768 INFO:[raw sql] {}
2023-06-02 15:19:21,803 INFO:SELECT @@lower_case_table_names
2023-06-02 15:19:21,803 INFO:[raw sql] {}
2023-06-02 15:19:21,882 INFO:BEGIN (implicit)
2023-06-02 15:19:21,887 INFO:SELECT user.id, user.username, user.hashed_password, user.email_add, user.is_active, user.role_id, user.date_updated, user.date_credited 
FROM user 
WHERE user.username = %(username_1)s
2023-06-02 15:19:21,903 INFO:[generated in 0.00203s] {'username_1': 'joeysabusido'}
2023-06-02 15:19:21,936 INFO:ROLLBACK
2023-06-02 15:24:34,630 INFO:SELECT DATABASE()
2023-06-02 15:24:34,631 INFO:[raw sql] {}
2023-06-02 15:24:34,699 INFO:SELECT @@sql_mode
2023-06-02 15:24:34,700 INFO:[raw sql] {}
2023-06-02 15:24:34,734 INFO:SELECT @@lower_case_table_names
2023-06-02 15:24:34,735 INFO:[raw sql] {}
2023-06-02 15:24:34,804 INFO:BEGIN (implicit)
2023-06-02 15:24:34,813 INFO:SELECT user.id, user.username, user.hashed_password, user.email_add, user.is_active, user.role_id, user.date_updated, user.date_credited 
FROM user 
WHERE user.username = %(username_1)s
2023-06-02 15:24:34,813 INFO:[generated in 0.00089s] {'username_1': 'joeysabusido'}
2023-06-02 15:24:34,849 INFO:ROLLBACK
2023-06-02 15:27:06,545 INFO:BEGIN (implicit)
2023-06-02 15:27:06,545 INFO:SELECT user.id, user.username, user.hashed_password, user.email_add, user.is_active, user.role_id, user.date_updated, user.date_credited 
FROM user 
WHERE user.username = %(username_1)s
2023-06-02 15:27:06,546 INFO:[cached since 151.7s ago] {'username_1': 'joeysabusido'}
2023-06-02 15:27:06,581 INFO:ROLLBACK
2023-06-02 15:33:18,585 INFO:SELECT DATABASE()
2023-06-02 15:33:18,586 INFO:[raw sql] {}
2023-06-02 15:33:18,657 INFO:SELECT @@sql_mode
2023-06-02 15:33:18,658 INFO:[raw sql] {}
2023-06-02 15:33:18,692 INFO:SELECT @@lower_case_table_names
2023-06-02 15:33:18,693 INFO:[raw sql] {}
2023-06-02 15:33:18,763 INFO:BEGIN (implicit)
2023-06-02 15:33:18,782 INFO:SELECT `role`.id, `role`.roles, `role`.`approvalAmount`, `role`.date_updated, `role`.date_credited 
FROM `role` ORDER BY `role`.roles
2023-06-02 15:33:18,783 INFO:[generated in 0.00151s] {}
2023-06-02 15:33:18,833 INFO:ROLLBACK
2023-06-02 15:36:39,553 INFO:BEGIN (implicit)
2023-06-02 15:36:39,566 INFO:SELECT user.id, user.username, user.hashed_password, user.email_add, user.is_active, user.role_id, user.date_updated, user.date_credited 
FROM user 
WHERE user.username = %(username_1)s
2023-06-02 15:36:39,567 INFO:[generated in 0.00089s] {'username_1': 'joeysabusido'}
2023-06-02 15:36:39,589 INFO:ROLLBACK
2023-06-02 15:37:03,452 INFO:BEGIN (implicit)
2023-06-02 15:37:03,453 INFO:SELECT user.id, user.username, user.hashed_password, user.email_add, user.is_active, user.role_id, user.date_updated, user.date_credited 
FROM user 
WHERE user.username = %(username_1)s
2023-06-02 15:37:03,454 INFO:[cached since 23.89s ago] {'username_1': 'joeysabusido'}
2023-06-02 15:37:03,487 INFO:ROLLBACK
2023-06-02 15:38:08,190 INFO:BEGIN (implicit)
2023-06-02 15:38:08,190 INFO:SELECT user.id, user.username, user.hashed_password, user.email_add, user.is_active, user.role_id, user.date_updated, user.date_credited 
FROM user 
WHERE user.username = %(username_1)s
2023-06-02 15:38:08,191 INFO:[cached since 88.63s ago] {'username_1': 'joeysabusido'}
2023-06-02 15:38:08,224 INFO:ROLLBACK
2023-06-02 15:53:56,250 INFO:SELECT DATABASE()
2023-06-02 15:53:56,250 INFO:[raw sql] {}
2023-06-02 15:53:56,314 INFO:SELECT @@sql_mode
2023-06-02 15:53:56,314 INFO:[raw sql] {}
2023-06-02 15:53:56,351 INFO:SELECT @@lower_case_table_names
2023-06-02 15:53:56,351 INFO:[raw sql] {}
2023-06-02 15:53:56,430 INFO:BEGIN (implicit)
2023-06-02 15:53:56,437 INFO:SELECT user.id, user.username, user.hashed_password, user.email_add, user.is_active, user.role_id, user.date_updated, user.date_credited 
FROM user 
WHERE user.username = %(username_1)s
2023-06-02 15:53:56,452 INFO:[generated in 0.00180s] {'username_1': 'joeysabusido'}
2023-06-02 15:53:56,477 INFO:ROLLBACK
2023-06-02 15:58:27,138 INFO:SELECT DATABASE()
2023-06-02 15:58:27,138 INFO:[raw sql] {}
2023-06-02 15:58:27,208 INFO:SELECT @@sql_mode
2023-06-02 15:58:27,208 INFO:[raw sql] {}
2023-06-02 15:58:27,254 INFO:SELECT @@lower_case_table_names
2023-06-02 15:58:27,255 INFO:[raw sql] {}
2023-06-02 15:58:27,316 INFO:BEGIN (implicit)
2023-06-02 15:58:27,327 INFO:SELECT user.id, user.username, user.hashed_password, user.email_add, user.is_active, user.role_id, user.date_updated, user.date_credited 
FROM user 
WHERE user.username = %(username_1)s
2023-06-02 15:58:27,342 INFO:[generated in 0.00178s] {'username_1': 'joeysabusido'}
2023-06-02 15:58:27,368 INFO:ROLLBACK
2023-06-02 15:58:27,791 INFO:BEGIN (implicit)
2023-06-02 15:58:27,792 INFO:SELECT user.id, user.username, user.hashed_password, user.email_add, user.is_active, user.role_id, user.date_updated, user.date_credited 
FROM user 
WHERE user.username = %(username_1)s
2023-06-02 15:58:27,793 INFO:[cached since 0.4529s ago] {'username_1': 'joeysabusido'}
2023-06-02 15:58:27,827 INFO:ROLLBACK
2023-06-02 15:58:42,787 INFO:BEGIN (implicit)
2023-06-02 15:58:42,788 INFO:SELECT user.id, user.username, user.hashed_password, user.email_add, user.is_active, user.role_id, user.date_updated, user.date_credited 
FROM user 
WHERE user.username = %(username_1)s
2023-06-02 15:58:42,789 INFO:[cached since 15.45s ago] {'username_1': 'joeysabusido'}
2023-06-02 15:58:42,827 INFO:ROLLBACK
2023-06-02 16:02:21,065 INFO:SELECT DATABASE()
2023-06-02 16:02:21,081 INFO:[raw sql] {}
2023-06-02 16:02:21,150 INFO:SELECT @@sql_mode
2023-06-02 16:02:21,150 INFO:[raw sql] {}
2023-06-02 16:02:21,177 INFO:SELECT @@lower_case_table_names
2023-06-02 16:02:21,177 INFO:[raw sql] {}
2023-06-02 16:02:21,254 INFO:BEGIN (implicit)
2023-06-02 16:02:21,260 INFO:SELECT user.id, user.username, user.hashed_password, user.email_add, user.is_active, user.role_id, user.date_updated, user.date_credited 
FROM user 
WHERE user.username = %(username_1)s
2023-06-02 16:02:21,276 INFO:[generated in 0.00179s] {'username_1': 'joeysabusido'}
2023-06-02 16:02:21,312 INFO:ROLLBACK
2023-06-02 16:02:21,709 INFO:BEGIN (implicit)
2023-06-02 16:02:21,709 INFO:SELECT user.id, user.username, user.hashed_password, user.email_add, user.is_active, user.role_id, user.date_updated, user.date_credited 
FROM user 
WHERE user.username = %(username_1)s
2023-06-02 16:02:21,709 INFO:[cached since 0.45s ago] {'username_1': 'joeysabusido'}
2023-06-02 16:02:21,749 INFO:ROLLBACK
2023-06-02 16:03:03,808 INFO:SELECT DATABASE()
2023-06-02 16:03:03,808 INFO:[raw sql] {}
2023-06-02 16:03:03,886 INFO:SELECT @@sql_mode
2023-06-02 16:03:03,886 INFO:[raw sql] {}
2023-06-02 16:03:03,909 INFO:SELECT @@lower_case_table_names
2023-06-02 16:03:03,909 INFO:[raw sql] {}
2023-06-02 16:03:03,990 INFO:BEGIN (implicit)
2023-06-02 16:03:03,998 INFO:SELECT user.id, user.username, user.hashed_password, user.email_add, user.is_active, user.role_id, user.date_updated, user.date_credited 
FROM user 
WHERE user.username = %(username_1)s
2023-06-02 16:03:03,998 INFO:[generated in 0.00181s] {'username_1': 'joeysabusido'}
2023-06-02 16:03:04,048 INFO:ROLLBACK
2023-06-02 16:04:55,721 INFO:SELECT DATABASE()
2023-06-02 16:04:55,721 INFO:[raw sql] {}
2023-06-02 16:04:55,796 INFO:SELECT @@sql_mode
2023-06-02 16:04:55,796 INFO:[raw sql] {}
2023-06-02 16:04:55,818 INFO:SELECT @@lower_case_table_names
2023-06-02 16:04:55,818 INFO:[raw sql] {}
2023-06-02 16:04:55,899 INFO:BEGIN (implicit)
2023-06-02 16:04:55,910 INFO:SELECT user.id, user.username, user.hashed_password, user.email_add, user.is_active, user.role_id, user.date_updated, user.date_credited 
FROM user 
WHERE user.username = %(username_1)s
2023-06-02 16:04:55,926 INFO:[generated in 0.00175s] {'username_1': 'joeysabusido'}
2023-06-02 16:04:55,950 INFO:ROLLBACK
2023-06-02 16:05:52,360 INFO:BEGIN (implicit)
2023-06-02 16:05:52,361 INFO:SELECT user.id, user.username, user.hashed_password, user.email_add, user.is_active, user.role_id, user.date_updated, user.date_credited 
FROM user 
WHERE user.username = %(username_1)s
2023-06-02 16:05:52,361 INFO:[cached since 56.44s ago] {'username_1': 'joeysabusido'}
2023-06-02 16:05:52,401 INFO:ROLLBACK
2023-06-02 16:06:18,510 INFO:BEGIN (implicit)
2023-06-02 16:06:18,510 INFO:SELECT user.id, user.username, user.hashed_password, user.email_add, user.is_active, user.role_id, user.date_updated, user.date_credited 
FROM user 
WHERE user.username = %(username_1)s
2023-06-02 16:06:18,510 INFO:[cached since 82.6s ago] {'username_1': 'joeysabusido'}
2023-06-02 16:06:18,557 INFO:ROLLBACK
2023-06-02 16:06:29,304 INFO:BEGIN (implicit)
2023-06-02 16:06:29,304 INFO:SELECT user.id, user.username, user.hashed_password, user.email_add, user.is_active, user.role_id, user.date_updated, user.date_credited 
FROM user 
WHERE user.username = %(username_1)s
2023-06-02 16:06:29,304 INFO:[cached since 93.39s ago] {'username_1': 'joeysabusido'}
2023-06-02 16:06:29,333 INFO:ROLLBACK
2023-06-02 16:07:11,167 INFO:BEGIN (implicit)
2023-06-02 16:07:11,168 INFO:SELECT user.id, user.username, user.hashed_password, user.email_add, user.is_active, user.role_id, user.date_updated, user.date_credited 
FROM user 
WHERE user.username = %(username_1)s
2023-06-02 16:07:11,169 INFO:[cached since 135.2s ago] {'username_1': 'joeysabusido'}
2023-06-02 16:07:11,210 INFO:ROLLBACK
2023-06-02 16:09:07,505 INFO:SELECT DATABASE()
2023-06-02 16:09:07,505 INFO:[raw sql] {}
2023-06-02 16:09:07,576 INFO:SELECT @@sql_mode
2023-06-02 16:09:07,576 INFO:[raw sql] {}
2023-06-02 16:09:07,599 INFO:SELECT @@lower_case_table_names
2023-06-02 16:09:07,599 INFO:[raw sql] {}
2023-06-02 16:09:07,678 INFO:BEGIN (implicit)
2023-06-02 16:09:07,683 INFO:SELECT user.id, user.username, user.hashed_password, user.email_add, user.is_active, user.role_id, user.date_updated, user.date_credited 
FROM user 
WHERE user.username = %(username_1)s
2023-06-02 16:09:07,699 INFO:[generated in 0.00175s] {'username_1': 'joeysabusido'}
2023-06-02 16:09:07,723 INFO:ROLLBACK
2023-06-02 16:10:56,573 INFO:BEGIN (implicit)
2023-06-02 16:10:56,574 INFO:SELECT user.id, user.username, user.hashed_password, user.email_add, user.is_active, user.role_id, user.date_updated, user.date_credited 
FROM user 
WHERE user.username = %(username_1)s
2023-06-02 16:10:56,575 INFO:[cached since 108.9s ago] {'username_1': 'asdfasdf'}
2023-06-02 16:10:56,612 INFO:ROLLBACK
2023-06-02 16:11:06,533 INFO:BEGIN (implicit)
2023-06-02 16:11:06,534 INFO:SELECT user.id, user.username, user.hashed_password, user.email_add, user.is_active, user.role_id, user.date_updated, user.date_credited 
FROM user 
WHERE user.username = %(username_1)s
2023-06-02 16:11:06,534 INFO:[cached since 118.8s ago] {'username_1': 'joeysabusido'}
2023-06-02 16:11:06,570 INFO:ROLLBACK
2023-06-02 16:11:15,093 INFO:BEGIN (implicit)
2023-06-02 16:11:15,094 INFO:SELECT user.id, user.username, user.hashed_password, user.email_add, user.is_active, user.role_id, user.date_updated, user.date_credited 
FROM user 
WHERE user.username = %(username_1)s
2023-06-02 16:11:15,095 INFO:[cached since 127.4s ago] {'username_1': 'joeysabusido'}
2023-06-02 16:11:15,133 INFO:ROLLBACK
2023-06-02 16:12:35,935 INFO:SELECT DATABASE()
2023-06-02 16:12:35,935 INFO:[raw sql] {}
2023-06-02 16:12:36,005 INFO:SELECT @@sql_mode
2023-06-02 16:12:36,005 INFO:[raw sql] {}
2023-06-02 16:12:36,029 INFO:SELECT @@lower_case_table_names
2023-06-02 16:12:36,029 INFO:[raw sql] {}
2023-06-02 16:12:36,109 INFO:BEGIN (implicit)
2023-06-02 16:12:36,117 INFO:SELECT user.id, user.username, user.hashed_password, user.email_add, user.is_active, user.role_id, user.date_updated, user.date_credited 
FROM user 
WHERE user.username = %(username_1)s
2023-06-02 16:12:36,117 INFO:[generated in 0.00173s] {'username_1': 'joeysabusido'}
2023-06-02 16:12:36,169 INFO:ROLLBACK
2023-06-02 16:13:19,812 INFO:BEGIN (implicit)
2023-06-02 16:13:19,813 INFO:SELECT user.id, user.username, user.hashed_password, user.email_add, user.is_active, user.role_id, user.date_updated, user.date_credited 
FROM user 
WHERE user.username = %(username_1)s
2023-06-02 16:13:19,814 INFO:[cached since 43.68s ago] {'username_1': 'joeysabusido'}
2023-06-02 16:13:19,850 INFO:ROLLBACK
2023-06-02 16:14:56,492 INFO:SELECT DATABASE()
2023-06-02 16:14:56,493 INFO:[raw sql] {}
2023-06-02 16:14:56,562 INFO:SELECT @@sql_mode
2023-06-02 16:14:56,563 INFO:[raw sql] {}
2023-06-02 16:14:56,598 INFO:SELECT @@lower_case_table_names
2023-06-02 16:14:56,599 INFO:[raw sql] {}
2023-06-02 16:14:56,667 INFO:BEGIN (implicit)
2023-06-02 16:14:56,688 INFO:SELECT user.id, user.username, user.hashed_password, user.email_add, user.is_active, user.role_id, user.date_updated, user.date_credited 
FROM user 
WHERE user.username = %(username_1)s
2023-06-02 16:14:56,690 INFO:[generated in 0.00210s] {'username_1': 'asdfff'}
2023-06-02 16:14:56,728 INFO:ROLLBACK
2023-06-02 16:15:05,561 INFO:BEGIN (implicit)
2023-06-02 16:15:05,561 INFO:SELECT user.id, user.username, user.hashed_password, user.email_add, user.is_active, user.role_id, user.date_updated, user.date_credited 
FROM user 
WHERE user.username = %(username_1)s
2023-06-02 16:15:05,561 INFO:[cached since 8.875s ago] {'username_1': 'joeysabusido'}
2023-06-02 16:15:05,599 INFO:ROLLBACK
2023-06-02 16:16:25,790 INFO:SELECT DATABASE()
2023-06-02 16:16:25,790 INFO:[raw sql] {}
2023-06-02 16:16:25,872 INFO:SELECT @@sql_mode
2023-06-02 16:16:25,872 INFO:[raw sql] {}
2023-06-02 16:16:25,894 INFO:SELECT @@lower_case_table_names
2023-06-02 16:16:25,910 INFO:[raw sql] {}
2023-06-02 16:16:25,977 INFO:BEGIN (implicit)
2023-06-02 16:16:25,981 INFO:SELECT user.id, user.username, user.hashed_password, user.email_add, user.is_active, user.role_id, user.date_updated, user.date_credited 
FROM user 
WHERE user.username = %(username_1)s
2023-06-02 16:16:25,981 INFO:[generated in 0.00177s] {'username_1': 'joeysabusido'}
2023-06-02 16:16:26,028 INFO:ROLLBACK
2023-06-02 16:18:19,241 INFO:BEGIN (implicit)
2023-06-02 16:18:19,242 INFO:SELECT user.id, user.username, user.hashed_password, user.email_add, user.is_active, user.role_id, user.date_updated, user.date_credited 
FROM user 
WHERE user.username = %(username_1)s
2023-06-02 16:18:19,243 INFO:[cached since 113.2s ago] {'username_1': 'joeysabusido'}
2023-06-02 16:18:19,282 INFO:ROLLBACK
2023-06-02 16:20:26,864 INFO:BEGIN (implicit)
2023-06-02 16:20:26,866 INFO:SELECT user.id, user.username, user.hashed_password, user.email_add, user.is_active, user.role_id, user.date_updated, user.date_credited 
FROM user 
WHERE user.username = %(username_1)s
2023-06-02 16:20:26,867 INFO:[cached since 240.9s ago] {'username_1': 'joeysabusido'}
2023-06-02 16:20:26,903 INFO:ROLLBACK
2023-06-02 16:20:50,106 INFO:BEGIN (implicit)
2023-06-02 16:20:50,106 INFO:SELECT user.id, user.username, user.hashed_password, user.email_add, user.is_active, user.role_id, user.date_updated, user.date_credited 
FROM user 
WHERE user.username = %(username_1)s
2023-06-02 16:20:50,106 INFO:[cached since 264.1s ago] {'username_1': 'joeysabusido'}
2023-06-02 16:20:50,134 INFO:ROLLBACK
2023-06-02 16:21:15,994 INFO:BEGIN (implicit)
2023-06-02 16:21:15,994 INFO:SELECT user.id, user.username, user.hashed_password, user.email_add, user.is_active, user.role_id, user.date_updated, user.date_credited 
FROM user 
WHERE user.username = %(username_1)s
2023-06-02 16:21:15,994 INFO:[cached since 290s ago] {'username_1': 'joeysabusido'}
2023-06-02 16:21:16,044 INFO:ROLLBACK
2023-06-02 16:23:07,100 INFO:SELECT DATABASE()
2023-06-02 16:23:07,100 INFO:[raw sql] {}
2023-06-02 16:23:07,160 INFO:SELECT @@sql_mode
2023-06-02 16:23:07,160 INFO:[raw sql] {}
2023-06-02 16:23:07,197 INFO:SELECT @@lower_case_table_names
2023-06-02 16:23:07,197 INFO:[raw sql] {}
2023-06-02 16:23:07,277 INFO:BEGIN (implicit)
2023-06-02 16:23:07,284 INFO:SELECT user.id, user.username, user.hashed_password, user.email_add, user.is_active, user.role_id, user.date_updated, user.date_credited 
FROM user 
WHERE user.username = %(username_1)s
2023-06-02 16:23:07,299 INFO:[generated in 0.00172s] {'username_1': 'joeysabusido'}
2023-06-02 16:23:07,320 INFO:ROLLBACK
2023-06-02 16:23:53,770 INFO:BEGIN (implicit)
2023-06-02 16:23:53,770 INFO:SELECT user.id, user.username, user.hashed_password, user.email_add, user.is_active, user.role_id, user.date_updated, user.date_credited 
FROM user 
WHERE user.username = %(username_1)s
2023-06-02 16:23:53,770 INFO:[cached since 46.48s ago] {'username_1': 'joeysabusido'}
2023-06-02 16:23:53,807 INFO:ROLLBACK
2023-06-02 16:30:54,877 INFO:SELECT DATABASE()
2023-06-02 16:30:54,877 INFO:[raw sql] {}
2023-06-02 16:30:54,936 INFO:SELECT @@sql_mode
2023-06-02 16:30:54,936 INFO:[raw sql] {}
2023-06-02 16:30:54,973 INFO:SELECT @@lower_case_table_names
2023-06-02 16:30:54,973 INFO:[raw sql] {}
2023-06-02 16:30:55,052 INFO:BEGIN (implicit)
2023-06-02 16:30:55,057 INFO:SELECT user.id, user.username, user.hashed_password, user.email_add, user.is_active, user.role_id, user.date_updated, user.date_credited 
FROM user 
WHERE user.username = %(username_1)s
2023-06-02 16:30:55,057 INFO:[generated in 0.00173s] {'username_1': 'joeysabusido'}
2023-06-02 16:30:55,107 INFO:ROLLBACK
2023-06-02 16:30:55,497 INFO:BEGIN (implicit)
2023-06-02 16:30:55,497 INFO:SELECT user.id, user.username, user.hashed_password, user.email_add, user.is_active, user.role_id, user.date_updated, user.date_credited 
FROM user 
WHERE user.username = %(username_1)s
2023-06-02 16:30:55,497 INFO:[cached since 0.4406s ago] {'username_1': 'joeysabusido'}
2023-06-02 16:30:55,544 INFO:ROLLBACK
2023-06-02 16:32:25,006 INFO:BEGIN (implicit)
2023-06-02 16:32:25,007 INFO:SELECT user.id, user.username, user.hashed_password, user.email_add, user.is_active, user.role_id, user.date_updated, user.date_credited 
FROM user 
WHERE user.username = %(username_1)s
2023-06-02 16:32:25,008 INFO:[cached since 89.94s ago] {'username_1': 'joeysabusido'}
2023-06-02 16:32:25,045 INFO:ROLLBACK
2023-06-02 16:32:25,461 INFO:BEGIN (implicit)
2023-06-02 16:32:25,461 INFO:SELECT user.id, user.username, user.hashed_password, user.email_add, user.is_active, user.role_id, user.date_updated, user.date_credited 
FROM user 
WHERE user.username = %(username_1)s
2023-06-02 16:32:25,461 INFO:[cached since 90.4s ago] {'username_1': 'joeysabusido'}
2023-06-02 16:32:25,496 INFO:ROLLBACK
2023-06-02 16:34:03,762 INFO:SELECT DATABASE()
2023-06-02 16:34:03,763 INFO:[raw sql] {}
2023-06-02 16:34:03,833 INFO:SELECT @@sql_mode
2023-06-02 16:34:03,834 INFO:[raw sql] {}
2023-06-02 16:34:03,869 INFO:SELECT @@lower_case_table_names
2023-06-02 16:34:03,869 INFO:[raw sql] {}
2023-06-02 16:34:03,938 INFO:BEGIN (implicit)
2023-06-02 16:34:03,955 INFO:SELECT `role`.id, `role`.roles, `role`.`approvalAmount`, `role`.date_updated, `role`.date_credited 
FROM `role` ORDER BY `role`.roles
2023-06-02 16:34:03,955 INFO:[generated in 0.00142s] {}
2023-06-02 16:34:03,993 INFO:ROLLBACK
2023-06-02 16:34:04,062 INFO:BEGIN (implicit)
2023-06-02 16:34:04,066 INFO:SELECT user.id, user.username, user.hashed_password, user.email_add, user.is_active, user.role_id, user.date_updated, user.date_credited 
FROM user ORDER BY user.id
2023-06-02 16:34:04,067 INFO:[generated in 0.00164s] {}
2023-06-02 16:34:04,104 INFO:ROLLBACK
2023-06-02 16:37:00,453 INFO:BEGIN (implicit)
2023-06-02 16:37:00,456 INFO:SELECT user.id, user.username, user.hashed_password, user.email_add, user.is_active, user.role_id, user.date_updated, user.date_credited 
FROM user 
WHERE user.username = %(username_1)s
2023-06-02 16:37:00,456 INFO:[generated in 0.00093s] {'username_1': 'joeysabusido'}
2023-06-02 16:37:00,494 INFO:ROLLBACK
2023-06-02 16:44:41,046 INFO:SELECT DATABASE()
2023-06-02 16:44:41,046 INFO:[raw sql] {}
2023-06-02 16:44:41,129 INFO:SELECT @@sql_mode
2023-06-02 16:44:41,129 INFO:[raw sql] {}
2023-06-02 16:44:41,154 INFO:SELECT @@lower_case_table_names
2023-06-02 16:44:41,154 INFO:[raw sql] {}
2023-06-02 16:44:41,232 INFO:BEGIN (implicit)
2023-06-02 16:44:41,240 INFO:SELECT user.id, user.username, user.hashed_password, user.email_add, user.is_active, user.role_id, user.date_updated, user.date_credited 
FROM user 
WHERE user.username = %(username_1)s
2023-06-02 16:44:41,256 INFO:[generated in 0.00175s] {'username_1': 'joeysabusido'}
2023-06-02 16:44:41,290 INFO:ROLLBACK
2023-06-02 16:45:33,329 INFO:BEGIN (implicit)
2023-06-02 16:45:33,329 INFO:SELECT user.id, user.username, user.hashed_password, user.email_add, user.is_active, user.role_id, user.date_updated, user.date_credited 
FROM user 
WHERE user.username = %(username_1)s
2023-06-02 16:45:33,329 INFO:[cached since 52.09s ago] {'username_1': 'joeysabusido'}
2023-06-02 16:45:33,376 INFO:ROLLBACK
2023-06-02 17:17:28,092 INFO:SELECT DATABASE()
2023-06-02 17:17:28,093 INFO:[raw sql] {}
2023-06-02 17:17:28,161 INFO:SELECT @@sql_mode
2023-06-02 17:17:28,162 INFO:[raw sql] {}
2023-06-02 17:17:28,197 INFO:SELECT @@lower_case_table_names
2023-06-02 17:17:28,197 INFO:[raw sql] {}
2023-06-02 17:17:28,265 INFO:BEGIN (implicit)
2023-06-02 17:17:28,283 INFO:SELECT user.id, user.username, user.hashed_password, user.email_add, user.is_active, user.role_id, user.date_updated, user.date_credited 
FROM user 
WHERE user.username = %(username_1)s
2023-06-02 17:17:28,284 INFO:[generated in 0.00151s] {'username_1': 'joeysabusido'}
2023-06-02 17:17:28,317 INFO:ROLLBACK
2023-06-04 18:51:01,114 INFO:SELECT DATABASE()
2023-06-04 18:51:01,115 INFO:[raw sql] {}
2023-06-04 18:51:01,196 INFO:SELECT @@sql_mode
2023-06-04 18:51:01,210 INFO:[raw sql] {}
2023-06-04 18:51:01,242 INFO:SELECT @@lower_case_table_names
2023-06-04 18:51:01,243 INFO:[raw sql] {}
2023-06-04 18:51:01,327 INFO:BEGIN (implicit)
2023-06-04 18:51:01,347 INFO:SELECT user.id, user.username, user.hashed_password, user.email_add, user.is_active, user.role_id, user.date_updated, user.date_credited 
FROM user 
WHERE user.username = %(username_1)s
2023-06-04 18:51:01,348 INFO:[generated in 0.00191s] {'username_1': 'joeysabusido1'}
2023-06-04 18:51:01,398 INFO:ROLLBACK
2023-06-04 18:51:12,163 INFO:BEGIN (implicit)
2023-06-04 18:51:12,164 INFO:SELECT user.id, user.username, user.hashed_password, user.email_add, user.is_active, user.role_id, user.date_updated, user.date_credited 
FROM user 
WHERE user.username = %(username_1)s
2023-06-04 18:51:12,166 INFO:[cached since 10.82s ago] {'username_1': 'joeysabusido'}
2023-06-04 18:51:12,204 INFO:ROLLBACK
2023-06-04 18:51:22,904 INFO:BEGIN (implicit)
2023-06-04 18:51:22,905 INFO:SELECT user.id, user.username, user.hashed_password, user.email_add, user.is_active, user.role_id, user.date_updated, user.date_credited 
FROM user 
WHERE user.username = %(username_1)s
2023-06-04 18:51:22,907 INFO:[cached since 21.56s ago] {'username_1': 'joeysabusido'}
2023-06-04 18:51:22,944 INFO:ROLLBACK
2023-06-04 19:01:39,350 INFO:SELECT DATABASE()
2023-06-04 19:01:39,351 INFO:[raw sql] {}
2023-06-04 19:01:39,423 INFO:SELECT @@sql_mode
2023-06-04 19:01:39,431 INFO:[raw sql] {}
2023-06-04 19:01:39,472 INFO:SELECT @@lower_case_table_names
2023-06-04 19:01:39,473 INFO:[raw sql] {}
2023-06-04 19:01:39,559 INFO:BEGIN (implicit)
2023-06-04 19:01:39,561 INFO:SELECT COUNT(*) FROM information_schema.tables WHERE table_schema = %(table_schema)s AND table_name = %(table_name)s
2023-06-04 19:01:39,562 INFO:[generated in 0.00131s] {'table_schema': 'financing', 'table_name': 'role'}
2023-06-04 19:01:39,604 INFO:SELECT COUNT(*) FROM information_schema.tables WHERE table_schema = %(table_schema)s AND table_name = %(table_name)s
2023-06-04 19:01:39,607 INFO:[cached since 0.04604s ago] {'table_schema': 'financing', 'table_name': 'user'}
2023-06-04 19:01:39,641 INFO:SELECT COUNT(*) FROM information_schema.tables WHERE table_schema = %(table_schema)s AND table_name = %(table_name)s
2023-06-04 19:01:39,642 INFO:[cached since 0.0815s ago] {'table_schema': 'financing', 'table_name': 'userroleaccesstagging'}
2023-06-04 19:01:39,687 INFO:
CREATE TABLE userroleaccesstagging (
	id INTEGER NOT NULL AUTO_INCREMENT, 
	user_id INTEGER NOT NULL, 
	read_loan BOOL NOT NULL, 
	write_loan BOOL NOT NULL, 
	read_deposit BOOL NOT NULL, 
	write_deposit BOOL NOT NULL, 
	read_withdrawal BOOL NOT NULL, 
	write_withdrawal BOOL NOT NULL, 
	read_accounting BOOL NOT NULL, 
	write_accounting BOOL NOT NULL, 
	read_accesstagging BOOL NOT NULL, 
	write_accesstagging BOOL NOT NULL, 
	read_accounts BOOL NOT NULL, 
	write_accounts BOOL NOT NULL, 
	`read_userLog` BOOL NOT NULL, 
	`write_userLog` BOOL NOT NULL, 
	PRIMARY KEY (id), 
	FOREIGN KEY(user_id) REFERENCES user (id)
)


2023-06-04 19:01:39,695 INFO:[no key 0.00791s] {}
2023-06-04 19:01:39,825 INFO:COMMIT
2023-06-04 19:57:58,331 INFO:SELECT DATABASE()
2023-06-04 19:57:58,332 INFO:[raw sql] {}
2023-06-04 19:57:58,426 INFO:SELECT @@sql_mode
2023-06-04 19:57:58,427 INFO:[raw sql] {}
2023-06-04 19:57:58,476 INFO:SELECT @@lower_case_table_names
2023-06-04 19:57:58,478 INFO:[raw sql] {}
2023-06-04 19:57:58,549 INFO:BEGIN (implicit)
2023-06-04 19:57:58,571 INFO:SELECT `role`.id, `role`.roles, `role`.`approvalAmount`, `role`.date_updated, `role`.date_credited 
FROM `role` ORDER BY `role`.roles
2023-06-04 19:57:58,573 INFO:[generated in 0.00188s] {}
2023-06-04 19:57:58,611 INFO:ROLLBACK
2023-06-04 19:59:00,875 INFO:SELECT DATABASE()
2023-06-04 19:59:00,875 INFO:[raw sql] {}
2023-06-04 19:59:00,958 INFO:SELECT @@sql_mode
2023-06-04 19:59:00,959 INFO:[raw sql] {}
2023-06-04 19:59:00,997 INFO:SELECT @@lower_case_table_names
2023-06-04 19:59:01,001 INFO:[raw sql] {}
2023-06-04 19:59:01,076 INFO:BEGIN (implicit)
2023-06-04 19:59:01,094 INFO:SELECT `role`.id, `role`.roles, `role`.`approvalAmount`, `role`.date_updated, `role`.date_credited 
FROM `role` ORDER BY `role`.roles
2023-06-04 19:59:01,095 INFO:[generated in 0.00139s] {}
2023-06-04 19:59:01,155 INFO:ROLLBACK
2023-06-04 19:59:04,191 INFO:BEGIN (implicit)
2023-06-04 19:59:04,192 INFO:SELECT `role`.id, `role`.roles, `role`.`approvalAmount`, `role`.date_updated, `role`.date_credited 
FROM `role` ORDER BY `role`.roles
2023-06-04 19:59:04,193 INFO:[cached since 3.099s ago] {}
2023-06-04 19:59:04,238 INFO:ROLLBACK
2023-06-04 19:59:40,572 INFO:BEGIN (implicit)
2023-06-04 19:59:40,573 INFO:SELECT `role`.id, `role`.roles, `role`.`approvalAmount`, `role`.date_updated, `role`.date_credited 
FROM `role` ORDER BY `role`.roles
2023-06-04 19:59:40,575 INFO:[cached since 39.48s ago] {}
2023-06-04 19:59:40,620 INFO:ROLLBACK
2023-06-04 20:00:08,828 INFO:BEGIN (implicit)
2023-06-04 20:00:08,830 INFO:SELECT `role`.id, `role`.roles, `role`.`approvalAmount`, `role`.date_updated, `role`.date_credited 
FROM `role` ORDER BY `role`.roles
2023-06-04 20:00:08,832 INFO:[cached since 67.74s ago] {}
2023-06-04 20:00:08,974 INFO:ROLLBACK
2023-06-04 20:02:28,790 INFO:BEGIN (implicit)
2023-06-04 20:02:28,806 INFO:SELECT user.id, user.username, user.hashed_password, user.email_add, user.is_active, user.role_id, user.date_updated, user.date_credited 
FROM user 
WHERE user.username = %(username_1)s
2023-06-04 20:02:28,808 INFO:[generated in 0.00245s] {'username_1': 'joeysabusido'}
2023-06-04 20:02:28,903 INFO:ROLLBACK
2023-06-04 20:02:32,611 INFO:BEGIN (implicit)
2023-06-04 20:02:32,612 INFO:SELECT `role`.id, `role`.roles, `role`.`approvalAmount`, `role`.date_updated, `role`.date_credited 
FROM `role` ORDER BY `role`.roles
2023-06-04 20:02:32,614 INFO:[cached since 211.5s ago] {}
2023-06-04 20:02:32,672 INFO:ROLLBACK
2023-06-04 20:03:26,033 INFO:BEGIN (implicit)
2023-06-04 20:03:26,035 INFO:SELECT `role`.id, `role`.roles, `role`.`approvalAmount`, `role`.date_updated, `role`.date_credited 
FROM `role` ORDER BY `role`.roles
2023-06-04 20:03:26,038 INFO:[cached since 264.9s ago] {}
2023-06-04 20:03:26,142 INFO:ROLLBACK
2023-06-04 20:05:48,816 INFO:BEGIN (implicit)
2023-06-04 20:05:48,817 INFO:SELECT `role`.id, `role`.roles, `role`.`approvalAmount`, `role`.date_updated, `role`.date_credited 
FROM `role` ORDER BY `role`.roles
2023-06-04 20:05:48,818 INFO:[cached since 407.7s ago] {}
2023-06-04 20:05:48,858 INFO:ROLLBACK
2023-06-04 20:07:52,099 INFO:SELECT DATABASE()
2023-06-04 20:07:52,100 INFO:[raw sql] {}
2023-06-04 20:07:52,221 INFO:SELECT @@sql_mode
2023-06-04 20:07:52,222 INFO:[raw sql] {}
2023-06-04 20:07:52,288 INFO:SELECT @@lower_case_table_names
2023-06-04 20:07:52,289 INFO:[raw sql] {}
2023-06-04 20:07:52,435 INFO:BEGIN (implicit)
2023-06-04 20:07:52,455 INFO:SELECT `role`.id, `role`.roles, `role`.`approvalAmount`, `role`.date_updated, `role`.date_credited 
FROM `role` ORDER BY `role`.roles
2023-06-04 20:07:52,457 INFO:[generated in 0.00250s] {}
2023-06-04 20:07:52,535 INFO:ROLLBACK
2023-06-04 20:27:59,168 INFO:SELECT DATABASE()
2023-06-04 20:27:59,169 INFO:[raw sql] {}
2023-06-04 20:27:59,259 INFO:SELECT @@sql_mode
2023-06-04 20:27:59,262 INFO:[raw sql] {}
2023-06-04 20:27:59,319 INFO:SELECT @@lower_case_table_names
2023-06-04 20:27:59,326 INFO:[raw sql] {}
2023-06-04 20:27:59,442 INFO:BEGIN (implicit)
2023-06-04 20:27:59,471 INFO:SELECT user.id, user.username, user.hashed_password, user.email_add, user.is_active, user.role_id, user.date_updated, user.date_credited 
FROM user 
WHERE user.username = %(username_1)s
2023-06-04 20:27:59,477 INFO:[generated in 0.00640s] {'username_1': 'joeysabusido'}
2023-06-04 20:27:59,533 INFO:ROLLBACK
2023-06-04 20:37:38,065 INFO:SELECT DATABASE()
2023-06-04 20:37:38,066 INFO:[raw sql] {}
2023-06-04 20:37:38,254 INFO:SELECT @@sql_mode
2023-06-04 20:37:38,255 INFO:[raw sql] {}
2023-06-04 20:37:38,359 INFO:SELECT @@lower_case_table_names
2023-06-04 20:37:38,359 INFO:[raw sql] {}
2023-06-04 20:37:38,562 INFO:BEGIN (implicit)
2023-06-04 20:37:38,582 INFO:SELECT user.id, user.username, user.hashed_password, user.email_add, user.is_active, user.role_id, user.date_updated, user.date_credited 
FROM user 
WHERE user.username = %(username_1)s
2023-06-04 20:37:38,588 INFO:[generated in 0.00577s] {'username_1': 'joeysabusido'}
2023-06-04 20:37:38,694 INFO:ROLLBACK
2023-06-04 21:17:25,952 INFO:SELECT DATABASE()
2023-06-04 21:17:25,953 INFO:[raw sql] {}
2023-06-04 21:17:26,039 INFO:SELECT @@sql_mode
2023-06-04 21:17:26,040 INFO:[raw sql] {}
2023-06-04 21:17:26,076 INFO:SELECT @@lower_case_table_names
2023-06-04 21:17:26,076 INFO:[raw sql] {}
2023-06-04 21:17:26,163 INFO:BEGIN (implicit)
2023-06-04 21:17:26,183 INFO:SELECT user.id, user.username, user.hashed_password, user.email_add, user.is_active, user.role_id, user.date_updated, user.date_credited 
FROM user 
WHERE user.username = %(username_1)s
2023-06-04 21:17:26,185 INFO:[generated in 0.00224s] {'username_1': 'joeysabusido'}
2023-06-04 21:17:26,231 INFO:ROLLBACK
2023-06-04 21:18:04,461 INFO:BEGIN (implicit)
2023-06-04 21:18:04,463 INFO:SELECT user.id, user.username, user.hashed_password, user.email_add, user.is_active, user.role_id, user.date_updated, user.date_credited 
FROM user 
WHERE user.username = %(username_1)s
2023-06-04 21:18:04,464 INFO:[cached since 38.28s ago] {'username_1': 'joeysabusido'}
2023-06-04 21:18:04,511 INFO:ROLLBACK
2023-06-04 21:38:05,973 INFO:SELECT DATABASE()
2023-06-04 21:38:05,973 INFO:[raw sql] {}
2023-06-04 21:38:06,117 INFO:SELECT @@sql_mode
2023-06-04 21:38:06,118 INFO:[raw sql] {}
2023-06-04 21:38:06,184 INFO:SELECT @@lower_case_table_names
2023-06-04 21:38:06,188 INFO:[raw sql] {}
2023-06-04 21:38:06,303 INFO:BEGIN (implicit)
2023-06-04 21:38:06,324 INFO:SELECT user.id, user.username, user.hashed_password, user.email_add, user.is_active, user.role_id, user.date_updated, user.date_credited 
FROM user 
WHERE user.username = %(username_1)s
2023-06-04 21:38:06,326 INFO:[generated in 0.00235s] {'username_1': 'joeysabusido'}
2023-06-04 21:38:06,379 INFO:ROLLBACK
2023-06-04 22:02:19,196 INFO:SELECT DATABASE()
2023-06-04 22:02:19,197 INFO:[raw sql] {}
2023-06-04 22:02:19,645 INFO:SELECT @@sql_mode
2023-06-04 22:02:19,646 INFO:[raw sql] {}
2023-06-04 22:02:19,900 INFO:SELECT @@lower_case_table_names
2023-06-04 22:02:19,901 INFO:[raw sql] {}
2023-06-04 22:02:20,364 INFO:BEGIN (implicit)
2023-06-04 22:02:20,384 INFO:SELECT `role`.id, `role`.roles, `role`.`approvalAmount`, `role`.date_updated, `role`.date_credited 
FROM `role` ORDER BY `role`.roles
2023-06-04 22:02:20,386 INFO:[generated in 0.00226s] {}
2023-06-04 22:02:20,617 INFO:ROLLBACK
2023-06-04 22:22:07,915 INFO:SELECT DATABASE()
2023-06-04 22:22:07,916 INFO:[raw sql] {}
2023-06-04 22:22:07,996 INFO:SELECT @@sql_mode
2023-06-04 22:22:07,998 INFO:[raw sql] {}
2023-06-04 22:22:08,036 INFO:SELECT @@lower_case_table_names
2023-06-04 22:22:08,047 INFO:[raw sql] {}
2023-06-04 22:22:08,131 INFO:BEGIN (implicit)
2023-06-04 22:22:08,149 INFO:SELECT `role`.id, `role`.roles, `role`.`approvalAmount`, `role`.date_updated, `role`.date_credited 
FROM `role` ORDER BY `role`.roles
2023-06-04 22:22:08,153 INFO:[generated in 0.00355s] {}
2023-06-04 22:22:08,207 INFO:ROLLBACK
2023-06-04 22:29:02,771 INFO:SELECT DATABASE()
2023-06-04 22:29:02,772 INFO:[raw sql] {}
2023-06-04 22:29:02,891 INFO:SELECT @@sql_mode
2023-06-04 22:29:02,892 INFO:[raw sql] {}
2023-06-04 22:29:02,950 INFO:SELECT @@lower_case_table_names
2023-06-04 22:29:02,953 INFO:[raw sql] {}
2023-06-04 22:29:03,088 INFO:BEGIN (implicit)
2023-06-04 22:29:03,107 INFO:SELECT user.id, user.username, user.hashed_password, user.email_add, user.is_active, user.role_id, user.date_updated, user.date_credited 
FROM user 
WHERE user.username = %(username_1)s
2023-06-04 22:29:03,109 INFO:[generated in 0.00160s] {'username_1': 'joeysabusido'}
2023-06-04 22:29:03,187 INFO:ROLLBACK
2023-06-04 22:32:24,563 INFO:BEGIN (implicit)
2023-06-04 22:32:24,564 INFO:SELECT user.id, user.username, user.hashed_password, user.email_add, user.is_active, user.role_id, user.date_updated, user.date_credited 
FROM user 
WHERE user.username = %(username_1)s
2023-06-04 22:32:24,565 INFO:[cached since 201.5s ago] {'username_1': 'joeysabusido'}
2023-06-04 22:32:24,608 INFO:ROLLBACK
2023-06-04 22:34:20,606 INFO:BEGIN (implicit)
2023-06-04 22:34:20,609 INFO:SELECT `role`.id, `role`.roles, `role`.`approvalAmount`, `role`.date_updated, `role`.date_credited 
FROM `role` ORDER BY `role`.roles
2023-06-04 22:34:20,610 INFO:[generated in 0.00155s] {}
2023-06-04 22:34:20,730 INFO:ROLLBACK
2023-06-04 22:34:20,942 INFO:BEGIN (implicit)
2023-06-04 22:34:20,944 INFO:SELECT user.id, user.username, user.hashed_password, user.email_add, user.is_active, user.role_id, user.date_updated, user.date_credited 
FROM user ORDER BY user.id
2023-06-04 22:34:20,946 INFO:[generated in 0.00171s] {}
2023-06-04 22:34:21,050 INFO:ROLLBACK
2023-06-04 22:34:38,880 INFO:BEGIN (implicit)
2023-06-04 22:34:38,881 INFO:SELECT `role`.id, `role`.roles, `role`.`approvalAmount`, `role`.date_updated, `role`.date_credited 
FROM `role` ORDER BY `role`.roles
2023-06-04 22:34:38,882 INFO:[cached since 18.27s ago] {}
2023-06-04 22:34:38,936 INFO:ROLLBACK
2023-06-04 22:35:38,730 INFO:BEGIN (implicit)
2023-06-04 22:35:38,732 INFO:SELECT `role`.id, `role`.roles, `role`.`approvalAmount`, `role`.date_updated, `role`.date_credited 
FROM `role` ORDER BY `role`.roles
2023-06-04 22:35:38,733 INFO:[cached since 78.12s ago] {}
2023-06-04 22:35:38,788 INFO:ROLLBACK
2023-06-04 22:36:15,537 INFO:SELECT DATABASE()
2023-06-04 22:36:15,538 INFO:[raw sql] {}
2023-06-04 22:36:15,798 INFO:SELECT @@sql_mode
2023-06-04 22:36:15,799 INFO:[raw sql] {}
2023-06-04 22:36:15,939 INFO:SELECT @@lower_case_table_names
2023-06-04 22:36:15,939 INFO:[raw sql] {}
2023-06-04 22:36:16,233 INFO:BEGIN (implicit)
2023-06-04 22:36:16,253 INFO:SELECT `role`.id, `role`.roles, `role`.`approvalAmount`, `role`.date_updated, `role`.date_credited 
FROM `role` ORDER BY `role`.roles
2023-06-04 22:36:16,257 INFO:[generated in 0.00414s] {}
2023-06-04 22:36:16,434 INFO:ROLLBACK
2023-06-04 22:38:08,287 INFO:BEGIN (implicit)
2023-06-04 22:38:08,288 INFO:SELECT `role`.id, `role`.roles, `role`.`approvalAmount`, `role`.date_updated, `role`.date_credited 
FROM `role` ORDER BY `role`.roles
2023-06-04 22:38:08,291 INFO:[cached since 112s ago] {}
2023-06-04 22:38:08,358 INFO:ROLLBACK
2023-06-04 22:40:10,057 INFO:SELECT DATABASE()
2023-06-04 22:40:10,058 INFO:[raw sql] {}
2023-06-04 22:40:10,199 INFO:SELECT @@sql_mode
2023-06-04 22:40:10,199 INFO:[raw sql] {}
2023-06-04 22:40:10,273 INFO:SELECT @@lower_case_table_names
2023-06-04 22:40:10,274 INFO:[raw sql] {}
2023-06-04 22:40:10,423 INFO:BEGIN (implicit)
2023-06-04 22:40:10,445 INFO:SELECT user.id, user.username, user.hashed_password, user.email_add, user.is_active, user.role_id, user.date_updated, user.date_credited 
FROM user 
WHERE user.username = %(username_1)s
2023-06-04 22:40:10,447 INFO:[generated in 0.00254s] {'username_1': 'joeysabusido'}
2023-06-04 22:40:10,522 INFO:ROLLBACK
2023-06-04 23:12:57,175 INFO:SELECT DATABASE()
2023-06-04 23:12:57,175 INFO:[raw sql] {}
2023-06-04 23:12:57,414 INFO:SELECT @@sql_mode
2023-06-04 23:12:57,415 INFO:[raw sql] {}
2023-06-04 23:12:57,534 INFO:SELECT @@lower_case_table_names
2023-06-04 23:12:57,534 INFO:[raw sql] {}
2023-06-04 23:12:57,715 INFO:BEGIN (implicit)
2023-06-04 23:12:57,735 INFO:SELECT `role`.id, `role`.roles, `role`.`approvalAmount`, `role`.date_updated, `role`.date_credited 
FROM `role` ORDER BY `role`.roles
2023-06-04 23:12:57,737 INFO:[generated in 0.00204s] {}
2023-06-04 23:12:57,827 INFO:ROLLBACK
2023-06-04 23:14:42,641 INFO:SELECT DATABASE()
2023-06-04 23:14:42,642 INFO:[raw sql] {}
2023-06-04 23:14:42,781 INFO:SELECT @@sql_mode
2023-06-04 23:14:42,781 INFO:[raw sql] {}
2023-06-04 23:14:42,845 INFO:SELECT @@lower_case_table_names
2023-06-04 23:14:42,846 INFO:[raw sql] {}
2023-06-04 23:14:42,980 INFO:BEGIN (implicit)
2023-06-04 23:14:43,000 INFO:SELECT `role`.id, `role`.roles, `role`.`approvalAmount`, `role`.date_updated, `role`.date_credited 
FROM `role` ORDER BY `role`.roles
2023-06-04 23:14:43,002 INFO:[generated in 0.00212s] {}
2023-06-04 23:14:43,084 INFO:ROLLBACK
2023-06-04 23:20:42,015 INFO:SELECT DATABASE()
2023-06-04 23:20:42,015 INFO:[raw sql] {}
2023-06-04 23:20:42,193 INFO:SELECT @@sql_mode
2023-06-04 23:20:42,194 INFO:[raw sql] {}
2023-06-04 23:20:42,287 INFO:SELECT @@lower_case_table_names
2023-06-04 23:20:42,287 INFO:[raw sql] {}
2023-06-04 23:20:42,481 INFO:BEGIN (implicit)
2023-06-04 23:20:42,500 INFO:SELECT `role`.id, `role`.roles, `role`.`approvalAmount`, `role`.date_updated, `role`.date_credited 
FROM `role` ORDER BY `role`.roles
2023-06-04 23:20:42,502 INFO:[generated in 0.00210s] {}
2023-06-04 23:20:42,608 INFO:ROLLBACK
2023-06-04 23:22:15,057 INFO:SELECT DATABASE()
2023-06-04 23:22:15,058 INFO:[raw sql] {}
2023-06-04 23:22:15,147 INFO:SELECT @@sql_mode
2023-06-04 23:22:15,147 INFO:[raw sql] {}
2023-06-04 23:22:15,195 INFO:SELECT @@lower_case_table_names
2023-06-04 23:22:15,199 INFO:[raw sql] {}
2023-06-04 23:22:15,289 INFO:BEGIN (implicit)
2023-06-04 23:22:15,310 INFO:SELECT `role`.id, `role`.roles, `role`.`approvalAmount`, `role`.date_updated, `role`.date_credited 
FROM `role` ORDER BY `role`.roles
2023-06-04 23:22:15,311 INFO:[generated in 0.00151s] {}
2023-06-04 23:22:15,358 INFO:ROLLBACK
2023-06-04 23:23:01,498 INFO:SELECT DATABASE()
2023-06-04 23:23:01,498 INFO:[raw sql] {}
2023-06-04 23:23:01,565 INFO:SELECT @@sql_mode
2023-06-04 23:23:01,569 INFO:[raw sql] {}
2023-06-04 23:23:01,601 INFO:SELECT @@lower_case_table_names
2023-06-04 23:23:01,604 INFO:[raw sql] {}
2023-06-04 23:23:01,672 INFO:BEGIN (implicit)
2023-06-04 23:23:01,729 INFO:SELECT `role`.id, `role`.roles, `role`.`approvalAmount`, `role`.date_updated, `role`.date_credited 
FROM `role` ORDER BY `role`.roles
2023-06-04 23:23:01,759 INFO:[generated in 0.03074s] {}
2023-06-04 23:23:01,798 INFO:ROLLBACK
2023-06-04 23:42:26,409 INFO:SELECT DATABASE()
2023-06-04 23:42:26,409 INFO:[raw sql] {}
2023-06-04 23:42:26,492 INFO:SELECT @@sql_mode
2023-06-04 23:42:26,493 INFO:[raw sql] {}
2023-06-04 23:42:26,534 INFO:SELECT @@lower_case_table_names
2023-06-04 23:42:26,539 INFO:[raw sql] {}
2023-06-04 23:42:26,621 INFO:BEGIN (implicit)
2023-06-04 23:42:26,642 INFO:SELECT `role`.id, `role`.roles, `role`.`approvalAmount`, `role`.date_updated, `role`.date_credited 
FROM `role` ORDER BY `role`.roles
2023-06-04 23:42:26,656 INFO:[generated in 0.01332s] {}
2023-06-04 23:42:26,699 INFO:ROLLBACK
2023-06-04 23:42:26,783 INFO:BEGIN (implicit)
2023-06-04 23:42:26,790 INFO:SELECT user.id, user.username, user.hashed_password, user.email_add, user.is_active, user.role_id, user.date_updated, user.date_credited 
FROM user ORDER BY user.id
2023-06-04 23:42:26,792 INFO:[generated in 0.00140s] {}
2023-06-04 23:42:26,836 INFO:ROLLBACK
2023-06-04 23:54:18,706 INFO:SELECT DATABASE()
2023-06-04 23:54:18,706 INFO:[raw sql] {}
2023-06-04 23:54:18,789 INFO:SELECT @@sql_mode
2023-06-04 23:54:18,790 INFO:[raw sql] {}
2023-06-04 23:54:18,831 INFO:SELECT @@lower_case_table_names
2023-06-04 23:54:18,833 INFO:[raw sql] {}
2023-06-04 23:54:18,915 INFO:BEGIN (implicit)
2023-06-04 23:54:18,937 INFO:SELECT user.id, user.username, user.hashed_password, user.email_add, user.is_active, user.role_id, user.date_updated, user.date_credited 
FROM user 
WHERE user.username = %(username_1)s
2023-06-04 23:54:18,940 INFO:[generated in 0.00254s] {'username_1': 'joeysabusido'}
2023-06-04 23:54:18,988 INFO:ROLLBACK
2023-06-04 23:54:19,069 INFO:BEGIN (implicit)
2023-06-04 23:54:19,072 INFO:SELECT `role`.id, `role`.roles, `role`.`approvalAmount`, `role`.date_updated, `role`.date_credited 
FROM `role` ORDER BY `role`.roles
2023-06-04 23:54:19,073 INFO:[generated in 0.00121s] {}
2023-06-04 23:54:19,117 INFO:ROLLBACK
2023-06-04 23:54:19,197 INFO:BEGIN (implicit)
2023-06-04 23:54:19,200 INFO:SELECT user.id, user.username, user.hashed_password, user.email_add, user.is_active, user.role_id, user.date_updated, user.date_credited 
FROM user ORDER BY user.id
2023-06-04 23:54:19,201 INFO:[generated in 0.00130s] {}
2023-06-04 23:54:19,244 INFO:ROLLBACK
2023-06-04 23:54:34,137 INFO:SELECT DATABASE()
2023-06-04 23:54:34,138 INFO:[raw sql] {}
2023-06-04 23:54:34,202 INFO:SELECT @@sql_mode
2023-06-04 23:54:34,203 INFO:[raw sql] {}
2023-06-04 23:54:34,235 INFO:SELECT @@lower_case_table_names
2023-06-04 23:54:34,238 INFO:[raw sql] {}
2023-06-04 23:54:34,303 INFO:BEGIN (implicit)
2023-06-04 23:54:34,325 INFO:SELECT user.id, user.username, user.hashed_password, user.email_add, user.is_active, user.role_id, user.date_updated, user.date_credited 
FROM user 
WHERE user.username = %(username_1)s
2023-06-04 23:54:34,327 INFO:[generated in 0.00286s] {'username_1': 'joeysabusido'}
2023-06-04 23:54:34,363 INFO:ROLLBACK
2023-06-04 23:54:34,426 INFO:BEGIN (implicit)
2023-06-04 23:54:34,429 INFO:SELECT `role`.id, `role`.roles, `role`.`approvalAmount`, `role`.date_updated, `role`.date_credited 
FROM `role` ORDER BY `role`.roles
2023-06-04 23:54:34,430 INFO:[generated in 0.00146s] {}
2023-06-04 23:54:34,464 INFO:ROLLBACK
2023-06-04 23:54:34,528 INFO:BEGIN (implicit)
2023-06-04 23:54:34,535 INFO:SELECT user.id, user.username, user.hashed_password, user.email_add, user.is_active, user.role_id, user.date_updated, user.date_credited 
FROM user ORDER BY user.id
2023-06-04 23:54:34,541 INFO:[generated in 0.00681s] {}
2023-06-04 23:54:34,575 INFO:ROLLBACK
2023-06-04 23:55:42,372 INFO:BEGIN (implicit)
2023-06-04 23:55:42,376 INFO:SELECT user.id, user.username, user.hashed_password, user.email_add, user.is_active, user.role_id, user.date_updated, user.date_credited 
FROM user 
WHERE user.username = %(username_1)s
2023-06-04 23:55:42,378 INFO:[cached since 68.05s ago] {'username_1': 'joeysabusido'}
2023-06-04 23:55:42,413 INFO:ROLLBACK
2023-06-04 23:55:42,478 INFO:BEGIN (implicit)
2023-06-04 23:55:42,479 INFO:SELECT `role`.id, `role`.roles, `role`.`approvalAmount`, `role`.date_updated, `role`.date_credited 
FROM `role` ORDER BY `role`.roles
2023-06-04 23:55:42,480 INFO:[cached since 68.05s ago] {}
2023-06-04 23:55:42,513 INFO:ROLLBACK
2023-06-04 23:55:42,588 INFO:BEGIN (implicit)
2023-06-04 23:55:42,603 INFO:SELECT user.id, user.username, user.hashed_password, user.email_add, user.is_active, user.role_id, user.date_updated, user.date_credited 
FROM user ORDER BY user.id
2023-06-04 23:55:42,606 INFO:[cached since 68.07s ago] {}
2023-06-04 23:55:42,639 INFO:ROLLBACK
2023-06-04 23:55:52,387 INFO:SELECT DATABASE()
2023-06-04 23:55:52,389 INFO:[raw sql] {}
2023-06-04 23:55:52,453 INFO:SELECT @@sql_mode
2023-06-04 23:55:52,454 INFO:[raw sql] {}
2023-06-04 23:55:52,487 INFO:SELECT @@lower_case_table_names
2023-06-04 23:55:52,489 INFO:[raw sql] {}
2023-06-04 23:55:52,555 INFO:BEGIN (implicit)
2023-06-04 23:55:52,578 INFO:SELECT user.id, user.username, user.hashed_password, user.email_add, user.is_active, user.role_id, user.date_updated, user.date_credited 
FROM user 
WHERE user.username = %(username_1)s
2023-06-04 23:55:52,580 INFO:[generated in 0.00239s] {'username_1': 'joeysabusido'}
2023-06-04 23:55:52,615 INFO:ROLLBACK
2023-06-04 23:55:52,680 INFO:BEGIN (implicit)
2023-06-04 23:55:52,683 INFO:SELECT `role`.id, `role`.roles, `role`.`approvalAmount`, `role`.date_updated, `role`.date_credited 
FROM `role` ORDER BY `role`.roles
2023-06-04 23:55:52,685 INFO:[generated in 0.00141s] {}
2023-06-04 23:55:52,719 INFO:ROLLBACK
2023-06-04 23:55:52,789 INFO:BEGIN (implicit)
2023-06-04 23:55:52,801 INFO:SELECT user.id, user.username, user.hashed_password, user.email_add, user.is_active, user.role_id, user.date_updated, user.date_credited 
FROM user ORDER BY user.id
2023-06-04 23:55:52,803 INFO:[generated in 0.00141s] {}
2023-06-04 23:55:52,837 INFO:ROLLBACK
2023-06-04 23:56:22,960 INFO:SELECT DATABASE()
2023-06-04 23:56:22,961 INFO:[raw sql] {}
2023-06-04 23:56:23,025 INFO:SELECT @@sql_mode
2023-06-04 23:56:23,032 INFO:[raw sql] {}
2023-06-04 23:56:23,065 INFO:SELECT @@lower_case_table_names
2023-06-04 23:56:23,074 INFO:[raw sql] {}
2023-06-04 23:56:23,147 INFO:BEGIN (implicit)
2023-06-04 23:56:23,168 INFO:SELECT user.id, user.username, user.hashed_password, user.email_add, user.is_active, user.role_id, user.date_updated, user.date_credited 
FROM user 
WHERE user.username = %(username_1)s
2023-06-04 23:56:23,169 INFO:[generated in 0.00166s] {'username_1': 'joeysabusido'}
2023-06-04 23:56:23,204 INFO:ROLLBACK
2023-06-04 23:56:23,268 INFO:BEGIN (implicit)
2023-06-04 23:56:23,271 INFO:SELECT `role`.id, `role`.roles, `role`.`approvalAmount`, `role`.date_updated, `role`.date_credited 
FROM `role` ORDER BY `role`.roles
2023-06-04 23:56:23,272 INFO:[generated in 0.00140s] {}
2023-06-04 23:56:23,308 INFO:ROLLBACK
2023-06-04 23:56:23,372 INFO:BEGIN (implicit)
2023-06-04 23:56:23,378 INFO:SELECT user.id, user.username, user.hashed_password, user.email_add, user.is_active, user.role_id, user.date_updated, user.date_credited 
FROM user ORDER BY user.id
2023-06-04 23:56:23,379 INFO:[generated in 0.00141s] {}
2023-06-04 23:56:23,413 INFO:ROLLBACK
2023-06-04 23:57:31,867 INFO:SELECT DATABASE()
2023-06-04 23:57:31,868 INFO:[raw sql] {}
2023-06-04 23:57:31,932 INFO:SELECT @@sql_mode
2023-06-04 23:57:31,932 INFO:[raw sql] {}
2023-06-04 23:57:31,964 INFO:SELECT @@lower_case_table_names
2023-06-04 23:57:31,966 INFO:[raw sql] {}
2023-06-04 23:57:32,030 INFO:BEGIN (implicit)
2023-06-04 23:57:32,059 INFO:SELECT user.id, user.username, user.hashed_password, user.email_add, user.is_active, user.role_id, user.date_updated, user.date_credited 
FROM user 
WHERE user.username = %(username_1)s
2023-06-04 23:57:32,062 INFO:[generated in 0.00362s] {'username_1': 'joeysabusido'}
2023-06-04 23:57:32,100 INFO:ROLLBACK
2023-06-04 23:57:32,167 INFO:BEGIN (implicit)
2023-06-04 23:57:32,177 INFO:SELECT `role`.id, `role`.roles, `role`.`approvalAmount`, `role`.date_updated, `role`.date_credited 
FROM `role` ORDER BY `role`.roles
2023-06-04 23:57:32,183 INFO:[generated in 0.00559s] {}
2023-06-04 23:57:32,218 INFO:ROLLBACK
2023-06-04 23:58:12,144 INFO:SELECT DATABASE()
2023-06-04 23:58:12,145 INFO:[raw sql] {}
2023-06-04 23:58:12,226 INFO:SELECT @@sql_mode
2023-06-04 23:58:12,227 INFO:[raw sql] {}
2023-06-04 23:58:12,268 INFO:SELECT @@lower_case_table_names
2023-06-04 23:58:12,268 INFO:[raw sql] {}
2023-06-04 23:58:12,350 INFO:BEGIN (implicit)
2023-06-04 23:58:12,370 INFO:SELECT user.id, user.username, user.hashed_password, user.email_add, user.is_active, user.role_id, user.date_updated, user.date_credited 
FROM user 
WHERE user.username = %(username_1)s
2023-06-04 23:58:12,371 INFO:[generated in 0.00197s] {'username_1': 'joeysabusido'}
2023-06-04 23:58:12,416 INFO:ROLLBACK
2023-06-04 23:58:12,497 INFO:BEGIN (implicit)
2023-06-04 23:58:12,500 INFO:SELECT `role`.id, `role`.roles, `role`.`approvalAmount`, `role`.date_updated, `role`.date_credited 
FROM `role` ORDER BY `role`.roles
2023-06-04 23:58:12,503 INFO:[generated in 0.00295s] {}
2023-06-04 23:58:12,546 INFO:ROLLBACK
2023-06-05 00:06:18,723 INFO:SELECT DATABASE()
2023-06-05 00:06:18,724 INFO:[raw sql] {}
2023-06-05 00:06:18,804 INFO:SELECT @@sql_mode
2023-06-05 00:06:18,805 INFO:[raw sql] {}
2023-06-05 00:06:18,846 INFO:SELECT @@lower_case_table_names
2023-06-05 00:06:18,846 INFO:[raw sql] {}
2023-06-05 00:06:18,927 INFO:BEGIN (implicit)
2023-06-05 00:06:18,947 INFO:SELECT user.id, user.username, user.hashed_password, user.email_add, user.is_active, user.role_id, user.date_updated, user.date_credited 
FROM user 
WHERE user.username = %(username_1)s
2023-06-05 00:06:18,949 INFO:[generated in 0.00176s] {'username_1': 'joeysabusido'}
2023-06-05 00:06:18,994 INFO:ROLLBACK
2023-06-05 00:06:25,462 INFO:BEGIN (implicit)
2023-06-05 00:06:25,464 INFO:SELECT user.id, user.username, user.hashed_password, user.email_add, user.is_active, user.role_id, user.date_updated, user.date_credited 
FROM user 
WHERE user.username = %(username_1)s
2023-06-05 00:06:25,465 INFO:[cached since 6.518s ago] {'username_1': 'joeysabusido'}
2023-06-05 00:06:25,507 INFO:ROLLBACK
2023-06-05 00:06:25,589 INFO:BEGIN (implicit)
2023-06-05 00:06:25,592 INFO:SELECT `role`.id, `role`.roles, `role`.`approvalAmount`, `role`.date_updated, `role`.date_credited 
FROM `role` ORDER BY `role`.roles
2023-06-05 00:06:25,603 INFO:[generated in 0.01145s] {}
2023-06-05 00:06:25,649 INFO:ROLLBACK
2023-06-05 00:07:37,449 INFO:SELECT DATABASE()
2023-06-05 00:07:37,450 INFO:[raw sql] {}
2023-06-05 00:07:37,514 INFO:SELECT @@sql_mode
2023-06-05 00:07:37,515 INFO:[raw sql] {}
2023-06-05 00:07:37,547 INFO:SELECT @@lower_case_table_names
2023-06-05 00:07:37,552 INFO:[raw sql] {}
2023-06-05 00:07:37,616 INFO:BEGIN (implicit)
2023-06-05 00:07:37,631 INFO:SELECT user.id, user.username, user.hashed_password, user.email_add, user.is_active, user.role_id, user.date_updated, user.date_credited 
FROM user 
WHERE user.username = %(username_1)s
2023-06-05 00:07:37,632 INFO:[generated in 0.00154s] {'username_1': 'joeysabusido'}
2023-06-05 00:07:37,669 INFO:ROLLBACK
2023-06-05 00:07:37,733 INFO:BEGIN (implicit)
2023-06-05 00:07:37,737 INFO:SELECT `role`.id, `role`.roles, `role`.`approvalAmount`, `role`.date_updated, `role`.date_credited 
FROM `role` ORDER BY `role`.roles
2023-06-05 00:07:37,738 INFO:[generated in 0.00131s] {}
2023-06-05 00:07:37,774 INFO:ROLLBACK
2023-06-05 00:07:53,316 INFO:BEGIN (implicit)
2023-06-05 00:07:53,317 INFO:SELECT user.id, user.username, user.hashed_password, user.email_add, user.is_active, user.role_id, user.date_updated, user.date_credited 
FROM user 
WHERE user.username = %(username_1)s
2023-06-05 00:07:53,319 INFO:[cached since 15.69s ago] {'username_1': 'joeysabusido'}
2023-06-05 00:07:53,352 INFO:ROLLBACK
2023-06-05 00:07:53,416 INFO:BEGIN (implicit)
2023-06-05 00:07:53,431 INFO:SELECT `role`.id, `role`.roles, `role`.`approvalAmount`, `role`.date_updated, `role`.date_credited 
FROM `role` ORDER BY `role`.roles
2023-06-05 00:07:53,432 INFO:[cached since 15.7s ago] {}
2023-06-05 00:07:53,465 INFO:ROLLBACK
2023-06-05 00:08:16,271 INFO:SELECT DATABASE()
2023-06-05 00:08:16,272 INFO:[raw sql] {}
2023-06-05 00:08:16,337 INFO:SELECT @@sql_mode
2023-06-05 00:08:16,338 INFO:[raw sql] {}
2023-06-05 00:08:16,372 INFO:SELECT @@lower_case_table_names
2023-06-05 00:08:16,375 INFO:[raw sql] {}
2023-06-05 00:08:16,441 INFO:BEGIN (implicit)
2023-06-05 00:08:16,472 INFO:SELECT user.id, user.username, user.hashed_password, user.email_add, user.is_active, user.role_id, user.date_updated, user.date_credited 
FROM user 
WHERE user.username = %(username_1)s
2023-06-05 00:08:16,478 INFO:[generated in 0.00608s] {'username_1': 'joeysabusido'}
2023-06-05 00:08:16,514 INFO:ROLLBACK
2023-06-05 00:08:16,581 INFO:BEGIN (implicit)
2023-06-05 00:08:16,589 INFO:SELECT `role`.id, `role`.roles, `role`.`approvalAmount`, `role`.date_updated, `role`.date_credited 
FROM `role` ORDER BY `role`.roles
2023-06-05 00:08:16,590 INFO:[generated in 0.00138s] {}
2023-06-05 00:08:16,625 INFO:ROLLBACK
2023-06-05 00:08:43,344 INFO:SELECT DATABASE()
2023-06-05 00:08:43,345 INFO:[raw sql] {}
2023-06-05 00:08:43,426 INFO:SELECT @@sql_mode
2023-06-05 00:08:43,426 INFO:[raw sql] {}
2023-06-05 00:08:43,467 INFO:SELECT @@lower_case_table_names
2023-06-05 00:08:43,468 INFO:[raw sql] {}
2023-06-05 00:08:43,549 INFO:BEGIN (implicit)
2023-06-05 00:08:43,569 INFO:SELECT user.id, user.username, user.hashed_password, user.email_add, user.is_active, user.role_id, user.date_updated, user.date_credited 
FROM user 
WHERE user.username = %(username_1)s
2023-06-05 00:08:43,572 INFO:[generated in 0.00258s] {'username_1': 'joeysabusido'}
2023-06-05 00:08:43,616 INFO:ROLLBACK
2023-06-05 00:08:43,697 INFO:BEGIN (implicit)
2023-06-05 00:08:43,699 INFO:SELECT `role`.id, `role`.roles, `role`.`approvalAmount`, `role`.date_updated, `role`.date_credited 
FROM `role` ORDER BY `role`.roles
2023-06-05 00:08:43,700 INFO:[generated in 0.00100s] {}
2023-06-05 00:08:43,745 INFO:ROLLBACK
2023-06-05 12:22:19,548 INFO:SELECT DATABASE()
2023-06-05 12:22:19,549 INFO:[raw sql] {}
2023-06-05 12:22:19,617 INFO:SELECT @@sql_mode
2023-06-05 12:22:19,618 INFO:[raw sql] {}
2023-06-05 12:22:19,651 INFO:SELECT @@lower_case_table_names
2023-06-05 12:22:19,652 INFO:[raw sql] {}
2023-06-05 12:22:19,719 INFO:BEGIN (implicit)
2023-06-05 12:22:19,737 INFO:SELECT user.id, user.username, user.hashed_password, user.email_add, user.is_active, user.role_id, user.date_updated, user.date_credited 
FROM user 
WHERE user.username = %(username_1)s
2023-06-05 12:22:19,738 INFO:[generated in 0.00088s] {'username_1': 'gracesabusido'}
2023-06-05 12:22:19,777 INFO:ROLLBACK
2023-06-05 12:22:30,297 INFO:BEGIN (implicit)
2023-06-05 12:22:30,297 INFO:SELECT user.id, user.username, user.hashed_password, user.email_add, user.is_active, user.role_id, user.date_updated, user.date_credited 
FROM user 
WHERE user.username = %(username_1)s
2023-06-05 12:22:30,297 INFO:[cached since 10.58s ago] {'username_1': 'joeysabusido'}
2023-06-05 12:22:30,348 INFO:ROLLBACK
2023-06-05 12:22:34,413 INFO:BEGIN (implicit)
2023-06-05 12:22:34,414 INFO:SELECT user.id, user.username, user.hashed_password, user.email_add, user.is_active, user.role_id, user.date_updated, user.date_credited 
FROM user 
WHERE user.username = %(username_1)s
2023-06-05 12:22:34,415 INFO:[cached since 14.68s ago] {'username_1': 'joeysabusido'}
2023-06-05 12:22:34,451 INFO:ROLLBACK
2023-06-05 12:22:34,524 INFO:BEGIN (implicit)
2023-06-05 12:22:34,525 INFO:SELECT `role`.id, `role`.roles, `role`.`approvalAmount`, `role`.date_updated, `role`.date_credited 
FROM `role` ORDER BY `role`.roles
2023-06-05 12:22:34,526 INFO:[generated in 0.00117s] {}
2023-06-05 12:22:34,561 INFO:ROLLBACK
2023-06-05 18:22:13,530 INFO:SELECT DATABASE()
2023-06-05 18:22:13,531 INFO:[raw sql] {}
2023-06-05 18:22:13,608 INFO:SELECT @@sql_mode
2023-06-05 18:22:13,609 INFO:[raw sql] {}
2023-06-05 18:22:13,648 INFO:SELECT @@lower_case_table_names
2023-06-05 18:22:13,648 INFO:[raw sql] {}
2023-06-05 18:22:13,727 INFO:BEGIN (implicit)
2023-06-05 18:22:13,737 INFO:SELECT user.id, user.username, user.hashed_password, user.email_add, user.is_active, user.role_id, user.date_updated, user.date_credited 
FROM user 
WHERE user.username = %(username_1)s
2023-06-05 18:22:13,738 INFO:[generated in 0.00087s] {'username_1': 'joeysabusido'}
2023-06-05 18:22:13,778 INFO:ROLLBACK
2023-06-05 18:22:29,776 INFO:BEGIN (implicit)
2023-06-05 18:22:29,778 INFO:SELECT `role`.id, `role`.roles, `role`.`approvalAmount`, `role`.date_updated, `role`.date_credited 
FROM `role` ORDER BY `role`.roles
2023-06-05 18:22:29,778 INFO:[generated in 0.00072s] {}
2023-06-05 18:22:29,816 INFO:ROLLBACK
2023-06-05 18:22:29,883 INFO:BEGIN (implicit)
2023-06-05 18:22:29,885 INFO:SELECT user.id, user.username, user.hashed_password, user.email_add, user.is_active, user.role_id, user.date_updated, user.date_credited 
FROM user ORDER BY user.id
2023-06-05 18:22:29,886 INFO:[generated in 0.00110s] {}
2023-06-05 18:22:29,921 INFO:ROLLBACK
2023-06-05 18:23:02,342 INFO:BEGIN (implicit)
2023-06-05 18:23:02,343 INFO:SELECT `role`.id, `role`.roles, `role`.`approvalAmount`, `role`.date_updated, `role`.date_credited 
FROM `role` ORDER BY `role`.roles
2023-06-05 18:23:02,343 INFO:[cached since 32.57s ago] {}
2023-06-05 18:23:02,382 INFO:ROLLBACK
2023-06-05 18:24:07,528 INFO:BEGIN (implicit)
2023-06-05 18:24:07,531 INFO:INSERT INTO user (username, hashed_password, email_add, is_active, role_id, date_updated, date_credited) VALUES (%(username)s, %(hashed_password)s, %(email_add)s, %(is_active)s, %(role_id)s, %(date_updated)s, %(date_credited)s)
2023-06-05 18:24:07,531 INFO:[generated in 0.00086s] {'username': 'joeysabusido', 'hashed_password': '$2b$12$fpT3fmcBXeIhNSGtE5RG7e47ZbRe8cB4/MqJJ3cDZveWdbpNhSCGq', 'email_add': 'joeysabusido', 'is_active': 1, 'role_id': 2, 'date_updated': None, 'date_credited': datetime.datetime(2023, 6, 5, 10, 24, 7, 527835)}
2023-06-05 18:24:07,574 INFO:COMMIT
2023-06-05 18:24:18,862 INFO:BEGIN (implicit)
2023-06-05 18:24:18,863 INFO:SELECT `role`.id, `role`.roles, `role`.`approvalAmount`, `role`.date_updated, `role`.date_credited 
FROM `role` ORDER BY `role`.roles
2023-06-05 18:24:18,863 INFO:[cached since 109.1s ago] {}
2023-06-05 18:24:18,901 INFO:ROLLBACK
2023-06-05 18:24:40,749 INFO:BEGIN (implicit)
2023-06-05 18:24:40,750 INFO:SELECT `role`.id, `role`.roles, `role`.`approvalAmount`, `role`.date_updated, `role`.date_credited 
FROM `role` ORDER BY `role`.roles
2023-06-05 18:24:40,751 INFO:[cached since 131s ago] {}
2023-06-05 18:24:40,790 INFO:ROLLBACK
2023-06-05 18:24:40,858 INFO:BEGIN (implicit)
2023-06-05 18:24:40,859 INFO:SELECT user.id, user.username, user.hashed_password, user.email_add, user.is_active, user.role_id, user.date_updated, user.date_credited 
FROM user ORDER BY user.id
2023-06-05 18:24:40,860 INFO:[cached since 131s ago] {}
2023-06-05 18:24:40,894 INFO:ROLLBACK
2023-06-05 18:25:28,106 INFO:BEGIN (implicit)
2023-06-05 18:25:28,107 INFO:SELECT `role`.id, `role`.roles, `role`.`approvalAmount`, `role`.date_updated, `role`.date_credited 
FROM `role` ORDER BY `role`.roles
2023-06-05 18:25:28,108 INFO:[cached since 178.3s ago] {}
2023-06-05 18:25:28,149 INFO:ROLLBACK
2023-06-05 18:25:28,218 INFO:BEGIN (implicit)
2023-06-05 18:25:28,219 INFO:SELECT user.id, user.username, user.hashed_password, user.email_add, user.is_active, user.role_id, user.date_updated, user.date_credited 
FROM user ORDER BY user.id
2023-06-05 18:25:28,221 INFO:[cached since 178.3s ago] {}
2023-06-05 18:25:28,255 INFO:ROLLBACK
2023-06-05 18:25:52,970 INFO:BEGIN (implicit)
2023-06-05 18:25:52,971 INFO:SELECT user.id, user.username, user.hashed_password, user.email_add, user.is_active, user.role_id, user.date_updated, user.date_credited 
FROM user 
WHERE user.username = %(username_1)s
2023-06-05 18:25:52,972 INFO:[cached since 219.2s ago] {'username_1': 'joeysabusido'}
2023-06-05 18:25:53,010 INFO:ROLLBACK
2023-06-05 18:25:53,077 INFO:BEGIN (implicit)
2023-06-05 18:25:53,078 INFO:SELECT `role`.id, `role`.roles, `role`.`approvalAmount`, `role`.date_updated, `role`.date_credited 
FROM `role` ORDER BY `role`.roles
2023-06-05 18:25:53,079 INFO:[cached since 203.3s ago] {}
2023-06-05 18:25:53,114 INFO:ROLLBACK
2023-06-05 18:49:06,178 INFO:SELECT DATABASE()
2023-06-05 18:49:06,178 INFO:[raw sql] {}
2023-06-05 18:49:06,244 INFO:SELECT @@sql_mode
2023-06-05 18:49:06,245 INFO:[raw sql] {}
2023-06-05 18:49:06,278 INFO:SELECT @@lower_case_table_names
2023-06-05 18:49:06,278 INFO:[raw sql] {}
2023-06-05 18:49:06,343 INFO:BEGIN (implicit)
2023-06-05 18:49:06,353 INFO:SELECT user.id, user.username, user.hashed_password, user.email_add, user.is_active, user.role_id, user.date_updated, user.date_credited 
FROM user 
WHERE user.username = %(username_1)s
2023-06-05 18:49:06,354 INFO:[generated in 0.00097s] {'username_1': 'joeysabusido'}
2023-06-05 18:49:06,392 INFO:ROLLBACK
2023-06-05 18:49:06,458 INFO:BEGIN (implicit)
2023-06-05 18:49:06,459 INFO:SELECT `role`.id, `role`.roles, `role`.`approvalAmount`, `role`.date_updated, `role`.date_credited 
FROM `role` ORDER BY `role`.roles
2023-06-05 18:49:06,460 INFO:[generated in 0.00060s] {}
2023-06-05 18:49:06,495 INFO:ROLLBACK
2023-06-05 18:51:29,556 INFO:SELECT DATABASE()
2023-06-05 18:51:29,557 INFO:[raw sql] {}
2023-06-05 18:51:29,627 INFO:SELECT @@sql_mode
2023-06-05 18:51:29,628 INFO:[raw sql] {}
2023-06-05 18:51:29,662 INFO:SELECT @@lower_case_table_names
2023-06-05 18:51:29,663 INFO:[raw sql] {}
2023-06-05 18:51:29,731 INFO:BEGIN (implicit)
2023-06-05 18:51:29,749 INFO:SELECT `role`.id, `role`.roles, `role`.`approvalAmount`, `role`.date_updated, `role`.date_credited 
FROM `role` ORDER BY `role`.roles
2023-06-05 18:51:29,750 INFO:[generated in 0.00150s] {}
2023-06-05 18:51:29,786 INFO:ROLLBACK
2023-06-05 18:51:29,853 INFO:BEGIN (implicit)
2023-06-05 18:51:29,856 INFO:SELECT user.id, user.username, user.hashed_password, user.email_add, user.is_active, user.role_id, user.date_updated, user.date_credited 
FROM user ORDER BY user.id
2023-06-05 18:51:29,857 INFO:[generated in 0.00128s] {}
2023-06-05 18:51:29,893 INFO:ROLLBACK
2023-06-05 18:52:16,101 INFO:BEGIN (implicit)
2023-06-05 18:52:16,102 INFO:SELECT user.id, user.username, user.hashed_password, user.email_add, user.is_active, user.role_id, user.date_updated, user.date_credited 
FROM user 
WHERE user.username = %(username_1)s
2023-06-05 18:52:16,103 INFO:[generated in 0.00079s] {'username_1': 'joeysabusido'}
2023-06-05 18:52:16,139 INFO:ROLLBACK
2023-06-05 18:52:16,205 INFO:BEGIN (implicit)
2023-06-05 18:52:16,206 INFO:SELECT `role`.id, `role`.roles, `role`.`approvalAmount`, `role`.date_updated, `role`.date_credited 
FROM `role` ORDER BY `role`.roles
2023-06-05 18:52:16,207 INFO:[cached since 46.46s ago] {}
2023-06-05 18:52:16,240 INFO:ROLLBACK
2023-06-05 18:52:16,306 INFO:BEGIN (implicit)
2023-06-05 18:52:16,308 INFO:INSERT INTO userroleaccesstagging (user_id, read_loan, write_loan, read_deposit, write_deposit, read_withdrawal, write_withdrawal, read_accounting, write_accounting, read_accesstagging, write_accesstagging, read_accounts, write_accounts, `read_userLog`, `write_userLog`, date_updated, date_credited) VALUES (%(user_id)s, %(read_loan)s, %(write_loan)s, %(read_deposit)s, %(write_deposit)s, %(read_withdrawal)s, %(write_withdrawal)s, %(read_accounting)s, %(write_accounting)s, %(read_accesstagging)s, %(write_accesstagging)s, %(read_accounts)s, %(write_accounts)s, %(read_userLog)s, %(write_userLog)s, %(date_updated)s, %(date_credited)s)
2023-06-05 18:52:16,310 INFO:[generated in 0.00125s] {'user_id': 1, 'read_loan': 1, 'write_loan': 1, 'read_deposit': 1, 'write_deposit': 1, 'read_withdrawal': 1, 'write_withdrawal': 1, 'read_accounting': 1, 'write_accounting': 1, 'read_accesstagging': 1, 'write_accesstagging': 1, 'read_accounts': 1, 'write_accounts': 1, 'read_userLog': 1, 'write_userLog': 1, 'date_updated': None, 'date_credited': datetime.datetime(2023, 6, 5, 10, 52, 16, 305666)}
2023-06-05 18:52:16,349 INFO:COMMIT
2023-06-05 18:54:49,614 INFO:SELECT DATABASE()
2023-06-05 18:54:49,615 INFO:[raw sql] {}
2023-06-05 18:54:49,682 INFO:SELECT @@sql_mode
2023-06-05 18:54:49,683 INFO:[raw sql] {}
2023-06-05 18:54:49,718 INFO:SELECT @@lower_case_table_names
2023-06-05 18:54:49,719 INFO:[raw sql] {}
2023-06-05 18:54:49,787 INFO:BEGIN (implicit)
2023-06-05 18:54:49,806 INFO:SELECT user.id, user.username, user.hashed_password, user.email_add, user.is_active, user.role_id, user.date_updated, user.date_credited 
FROM user 
WHERE user.username = %(username_1)s
2023-06-05 18:54:49,808 INFO:[generated in 0.00237s] {'username_1': 'joeysabusido'}
2023-06-05 18:54:49,847 INFO:ROLLBACK
2023-06-05 18:54:49,915 INFO:BEGIN (implicit)
2023-06-05 18:54:49,918 INFO:SELECT `role`.id, `role`.roles, `role`.`approvalAmount`, `role`.date_updated, `role`.date_credited 
FROM `role` ORDER BY `role`.roles
2023-06-05 18:54:49,919 INFO:[generated in 0.00130s] {}
2023-06-05 18:54:49,956 INFO:ROLLBACK
2023-06-05 18:59:14,559 INFO:BEGIN (implicit)
2023-06-05 18:59:14,560 INFO:SELECT user.id, user.username, user.hashed_password, user.email_add, user.is_active, user.role_id, user.date_updated, user.date_credited 
FROM user 
WHERE user.username = %(username_1)s
2023-06-05 18:59:14,561 INFO:[cached since 264.8s ago] {'username_1': 'joeysabusido'}
2023-06-05 18:59:14,600 INFO:ROLLBACK
2023-06-05 18:59:14,673 INFO:BEGIN (implicit)
2023-06-05 18:59:14,674 INFO:SELECT `role`.id, `role`.roles, `role`.`approvalAmount`, `role`.date_updated, `role`.date_credited 
FROM `role` ORDER BY `role`.roles
2023-06-05 18:59:14,675 INFO:[cached since 264.8s ago] {}
2023-06-05 18:59:14,711 INFO:ROLLBACK
2023-06-05 19:00:00,516 INFO:SELECT DATABASE()
2023-06-05 19:00:00,517 INFO:[raw sql] {}
2023-06-05 19:00:00,583 INFO:SELECT @@sql_mode
2023-06-05 19:00:00,583 INFO:[raw sql] {}
2023-06-05 19:00:00,618 INFO:SELECT @@lower_case_table_names
2023-06-05 19:00:00,619 INFO:[raw sql] {}
2023-06-05 19:00:00,686 INFO:BEGIN (implicit)
2023-06-05 19:00:00,703 INFO:SELECT user.id, user.username, user.hashed_password, user.email_add, user.is_active, user.role_id, user.date_updated, user.date_credited 
FROM user 
WHERE user.username = %(username_1)s
2023-06-05 19:00:00,705 INFO:[generated in 0.00173s] {'username_1': 'joeysabusido'}
2023-06-05 19:00:00,744 INFO:ROLLBACK
2023-06-05 19:00:00,815 INFO:BEGIN (implicit)
2023-06-05 19:00:00,817 INFO:SELECT `role`.id, `role`.roles, `role`.`approvalAmount`, `role`.date_updated, `role`.date_credited 
FROM `role` ORDER BY `role`.roles
2023-06-05 19:00:00,819 INFO:[generated in 0.00194s] {}
2023-06-05 19:00:00,856 INFO:ROLLBACK
2023-06-05 19:01:20,950 INFO:BEGIN (implicit)
2023-06-05 19:01:20,951 INFO:SELECT user.id, user.username, user.hashed_password, user.email_add, user.is_active, user.role_id, user.date_updated, user.date_credited 
FROM user 
WHERE user.username = %(username_1)s
2023-06-05 19:01:20,952 INFO:[cached since 80.25s ago] {'username_1': 'joeysabusido'}
2023-06-05 19:01:20,990 INFO:ROLLBACK
2023-06-05 19:01:21,056 INFO:BEGIN (implicit)
2023-06-05 19:01:21,058 INFO:SELECT `role`.id, `role`.roles, `role`.`approvalAmount`, `role`.date_updated, `role`.date_credited 
FROM `role` ORDER BY `role`.roles
2023-06-05 19:01:21,059 INFO:[cached since 80.24s ago] {}
2023-06-05 19:01:21,095 INFO:ROLLBACK
2023-06-05 19:01:23,221 INFO:BEGIN (implicit)
2023-06-05 19:01:23,222 INFO:SELECT user.id, user.username, user.hashed_password, user.email_add, user.is_active, user.role_id, user.date_updated, user.date_credited 
FROM user 
WHERE user.username = %(username_1)s
2023-06-05 19:01:23,222 INFO:[cached since 82.52s ago] {'username_1': 'joeysabusido'}
2023-06-05 19:01:23,256 INFO:ROLLBACK
2023-06-05 19:01:23,323 INFO:BEGIN (implicit)
2023-06-05 19:01:23,325 INFO:SELECT `role`.id, `role`.roles, `role`.`approvalAmount`, `role`.date_updated, `role`.date_credited 
FROM `role` ORDER BY `role`.roles
2023-06-05 19:01:23,326 INFO:[cached since 82.51s ago] {}
2023-06-05 19:01:23,361 INFO:ROLLBACK
2023-06-05 19:01:41,077 INFO:BEGIN (implicit)
2023-06-05 19:01:41,078 INFO:SELECT user.id, user.username, user.hashed_password, user.email_add, user.is_active, user.role_id, user.date_updated, user.date_credited 
FROM user 
WHERE user.username = %(username_1)s
2023-06-05 19:01:41,078 INFO:[cached since 100.4s ago] {'username_1': 'joeysabusido'}
2023-06-05 19:01:41,112 INFO:ROLLBACK
2023-06-05 19:01:41,179 INFO:BEGIN (implicit)
2023-06-05 19:01:41,181 INFO:SELECT `role`.id, `role`.roles, `role`.`approvalAmount`, `role`.date_updated, `role`.date_credited 
FROM `role` ORDER BY `role`.roles
2023-06-05 19:01:41,182 INFO:[cached since 100.4s ago] {}
2023-06-05 19:01:41,217 INFO:ROLLBACK
2023-06-05 19:03:27,327 INFO:SELECT DATABASE()
2023-06-05 19:03:27,327 INFO:[raw sql] {}
2023-06-05 19:03:27,396 INFO:SELECT @@sql_mode
2023-06-05 19:03:27,396 INFO:[raw sql] {}
2023-06-05 19:03:27,417 INFO:SELECT @@lower_case_table_names
2023-06-05 19:03:27,417 INFO:[raw sql] {}
2023-06-05 19:03:27,495 INFO:BEGIN (implicit)
2023-06-05 19:03:27,503 INFO:SELECT user.id, user.username, user.hashed_password, user.email_add, user.is_active, user.role_id, user.date_updated, user.date_credited 
FROM user 
WHERE user.username = %(username_1)s
2023-06-05 19:03:27,518 INFO:[generated in 0.00166s] {'username_1': 'joeysabusido'}
2023-06-05 19:03:27,555 INFO:ROLLBACK
2023-06-05 19:03:33,572 INFO:BEGIN (implicit)
2023-06-05 19:03:33,573 INFO:SELECT user.id, user.username, user.hashed_password, user.email_add, user.is_active, user.role_id, user.date_updated, user.date_credited 
FROM user 
WHERE user.username = %(username_1)s
2023-06-05 19:03:33,574 INFO:[cached since 6.058s ago] {'username_1': 'joeysabusido'}
2023-06-05 19:03:33,609 INFO:ROLLBACK
2023-06-05 19:03:33,677 INFO:BEGIN (implicit)
2023-06-05 19:03:33,679 INFO:SELECT `role`.id, `role`.roles, `role`.`approvalAmount`, `role`.date_updated, `role`.date_credited 
FROM `role` ORDER BY `role`.roles
2023-06-05 19:03:33,681 INFO:[generated in 0.00130s] {}
2023-06-05 19:03:33,717 INFO:ROLLBACK
2023-06-05 19:04:23,817 INFO:BEGIN (implicit)
2023-06-05 19:04:23,818 INFO:SELECT user.id, user.username, user.hashed_password, user.email_add, user.is_active, user.role_id, user.date_updated, user.date_credited 
FROM user 
WHERE user.username = %(username_1)s
2023-06-05 19:04:23,819 INFO:[cached since 56.3s ago] {'username_1': 'joeysabusido'}
2023-06-05 19:04:23,859 INFO:ROLLBACK
2023-06-05 19:04:23,927 INFO:BEGIN (implicit)
2023-06-05 19:04:23,929 INFO:SELECT `role`.id, `role`.roles, `role`.`approvalAmount`, `role`.date_updated, `role`.date_credited 
FROM `role` ORDER BY `role`.roles
2023-06-05 19:04:23,930 INFO:[cached since 50.25s ago] {}
2023-06-05 19:04:23,965 INFO:ROLLBACK
2023-06-05 19:04:40,946 INFO:BEGIN (implicit)
2023-06-05 19:04:40,947 INFO:SELECT user.id, user.username, user.hashed_password, user.email_add, user.is_active, user.role_id, user.date_updated, user.date_credited 
FROM user 
WHERE user.username = %(username_1)s
2023-06-05 19:04:40,948 INFO:[cached since 73.43s ago] {'username_1': 'joeysabusido'}
2023-06-05 19:04:40,984 INFO:ROLLBACK
2023-06-05 19:04:41,052 INFO:BEGIN (implicit)
2023-06-05 19:04:41,053 INFO:SELECT `role`.id, `role`.roles, `role`.`approvalAmount`, `role`.date_updated, `role`.date_credited 
FROM `role` ORDER BY `role`.roles
2023-06-05 19:04:41,054 INFO:[cached since 67.38s ago] {}
2023-06-05 19:04:41,091 INFO:ROLLBACK
2023-06-05 19:05:14,511 INFO:BEGIN (implicit)
2023-06-05 19:05:14,512 INFO:SELECT user.id, user.username, user.hashed_password, user.email_add, user.is_active, user.role_id, user.date_updated, user.date_credited 
FROM user 
WHERE user.username = %(username_1)s
2023-06-05 19:05:14,513 INFO:[cached since 107s ago] {'username_1': 'joeysabusido'}
2023-06-05 19:05:14,549 INFO:ROLLBACK
2023-06-05 19:05:14,616 INFO:BEGIN (implicit)
2023-06-05 19:05:14,619 INFO:SELECT `role`.id, `role`.roles, `role`.`approvalAmount`, `role`.date_updated, `role`.date_credited 
FROM `role` ORDER BY `role`.roles
2023-06-05 19:05:14,620 INFO:[cached since 100.9s ago] {}
2023-06-05 19:05:14,654 INFO:ROLLBACK
2023-06-05 19:05:16,975 INFO:BEGIN (implicit)
2023-06-05 19:05:16,976 INFO:SELECT user.id, user.username, user.hashed_password, user.email_add, user.is_active, user.role_id, user.date_updated, user.date_credited 
FROM user 
WHERE user.username = %(username_1)s
2023-06-05 19:05:16,976 INFO:[cached since 109.5s ago] {'username_1': 'joeysabusido'}
2023-06-05 19:05:17,013 INFO:ROLLBACK
2023-06-05 19:05:17,082 INFO:BEGIN (implicit)
2023-06-05 19:05:17,084 INFO:SELECT `role`.id, `role`.roles, `role`.`approvalAmount`, `role`.date_updated, `role`.date_credited 
FROM `role` ORDER BY `role`.roles
2023-06-05 19:05:17,085 INFO:[cached since 103.4s ago] {}
2023-06-05 19:05:17,123 INFO:ROLLBACK
2023-06-05 19:06:05,893 INFO:BEGIN (implicit)
2023-06-05 19:06:05,894 INFO:SELECT `role`.id, `role`.roles, `role`.`approvalAmount`, `role`.date_updated, `role`.date_credited 
FROM `role` ORDER BY `role`.roles
2023-06-05 19:06:05,895 INFO:[cached since 152.2s ago] {}
2023-06-05 19:06:05,931 INFO:ROLLBACK
2023-06-05 19:06:06,000 INFO:BEGIN (implicit)
2023-06-05 19:06:06,002 INFO:SELECT user.id, user.username, user.hashed_password, user.email_add, user.is_active, user.role_id, user.date_updated, user.date_credited 
FROM user ORDER BY user.id
2023-06-05 19:06:06,003 INFO:[generated in 0.00123s] {}
2023-06-05 19:06:06,039 INFO:ROLLBACK
2023-06-05 19:06:28,702 INFO:BEGIN (implicit)
2023-06-05 19:06:28,703 INFO:SELECT user.id, user.username, user.hashed_password, user.email_add, user.is_active, user.role_id, user.date_updated, user.date_credited 
FROM user 
WHERE user.username = %(username_1)s
2023-06-05 19:06:28,704 INFO:[cached since 181.2s ago] {'username_1': 'joeysabusido'}
2023-06-05 19:06:28,740 INFO:ROLLBACK
2023-06-05 19:06:28,807 INFO:BEGIN (implicit)
2023-06-05 19:06:28,809 INFO:SELECT `role`.id, `role`.roles, `role`.`approvalAmount`, `role`.date_updated, `role`.date_credited 
FROM `role` ORDER BY `role`.roles
2023-06-05 19:06:28,810 INFO:[cached since 175.1s ago] {}
2023-06-05 19:06:28,845 INFO:ROLLBACK
2023-06-05 19:06:30,878 INFO:BEGIN (implicit)
2023-06-05 19:06:30,878 INFO:SELECT user.id, user.username, user.hashed_password, user.email_add, user.is_active, user.role_id, user.date_updated, user.date_credited 
FROM user 
WHERE user.username = %(username_1)s
2023-06-05 19:06:30,879 INFO:[cached since 183.4s ago] {'username_1': 'joeysabusido'}
2023-06-05 19:06:30,913 INFO:ROLLBACK
2023-06-05 19:06:30,982 INFO:BEGIN (implicit)
2023-06-05 19:06:30,984 INFO:SELECT `role`.id, `role`.roles, `role`.`approvalAmount`, `role`.date_updated, `role`.date_credited 
FROM `role` ORDER BY `role`.roles
2023-06-05 19:06:30,985 INFO:[cached since 177.3s ago] {}
2023-06-05 19:06:31,024 INFO:ROLLBACK
2023-06-05 19:07:02,074 INFO:BEGIN (implicit)
2023-06-05 19:07:02,075 INFO:SELECT `role`.id, `role`.roles, `role`.`approvalAmount`, `role`.date_updated, `role`.date_credited 
FROM `role` ORDER BY `role`.roles
2023-06-05 19:07:02,075 INFO:[cached since 208.4s ago] {}
2023-06-05 19:07:02,112 INFO:ROLLBACK
2023-06-05 19:07:02,178 INFO:BEGIN (implicit)
2023-06-05 19:07:02,180 INFO:SELECT user.id, user.username, user.hashed_password, user.email_add, user.is_active, user.role_id, user.date_updated, user.date_credited 
FROM user ORDER BY user.id
2023-06-05 19:07:02,181 INFO:[cached since 56.18s ago] {}
2023-06-05 19:07:02,216 INFO:ROLLBACK
2023-06-05 19:08:02,262 INFO:BEGIN (implicit)
2023-06-05 19:08:02,263 INFO:SELECT `role`.id, `role`.roles, `role`.`approvalAmount`, `role`.date_updated, `role`.date_credited 
FROM `role` ORDER BY `role`.roles
2023-06-05 19:08:02,264 INFO:[cached since 268.6s ago] {}
2023-06-05 19:08:02,302 INFO:ROLLBACK
2023-06-05 19:08:02,371 INFO:BEGIN (implicit)
2023-06-05 19:08:02,372 INFO:SELECT user.id, user.username, user.hashed_password, user.email_add, user.is_active, user.role_id, user.date_updated, user.date_credited 
FROM user ORDER BY user.id
2023-06-05 19:08:02,373 INFO:[cached since 116.4s ago] {}
2023-06-05 19:08:02,409 INFO:ROLLBACK
2023-06-05 19:08:05,424 INFO:BEGIN (implicit)
2023-06-05 19:08:05,425 INFO:SELECT `role`.id, `role`.roles, `role`.`approvalAmount`, `role`.date_updated, `role`.date_credited 
FROM `role` ORDER BY `role`.roles
2023-06-05 19:08:05,425 INFO:[cached since 271.7s ago] {}
2023-06-05 19:08:05,462 INFO:ROLLBACK
2023-06-05 19:08:05,528 INFO:BEGIN (implicit)
2023-06-05 19:08:05,530 INFO:SELECT user.id, user.username, user.hashed_password, user.email_add, user.is_active, user.role_id, user.date_updated, user.date_credited 
FROM user ORDER BY user.id
2023-06-05 19:08:05,531 INFO:[cached since 119.5s ago] {}
2023-06-05 19:08:05,571 INFO:ROLLBACK
2023-06-05 19:08:18,110 INFO:BEGIN (implicit)
2023-06-05 19:08:18,110 INFO:SELECT `role`.id, `role`.roles, `role`.`approvalAmount`, `role`.date_updated, `role`.date_credited 
FROM `role` ORDER BY `role`.roles
2023-06-05 19:08:18,110 INFO:[cached since 284.4s ago] {}
2023-06-05 19:08:18,146 INFO:ROLLBACK
2023-06-05 19:08:18,214 INFO:BEGIN (implicit)
2023-06-05 19:08:18,216 INFO:SELECT user.id, user.username, user.hashed_password, user.email_add, user.is_active, user.role_id, user.date_updated, user.date_credited 
FROM user ORDER BY user.id
2023-06-05 19:08:18,217 INFO:[cached since 132.2s ago] {}
2023-06-05 19:08:18,255 INFO:ROLLBACK
2023-06-05 19:08:19,477 INFO:BEGIN (implicit)
2023-06-05 19:08:19,478 INFO:SELECT `role`.id, `role`.roles, `role`.`approvalAmount`, `role`.date_updated, `role`.date_credited 
FROM `role` ORDER BY `role`.roles
2023-06-05 19:08:19,479 INFO:[cached since 285.8s ago] {}
2023-06-05 19:08:19,514 INFO:ROLLBACK
2023-06-05 19:08:19,582 INFO:BEGIN (implicit)
2023-06-05 19:08:19,584 INFO:SELECT user.id, user.username, user.hashed_password, user.email_add, user.is_active, user.role_id, user.date_updated, user.date_credited 
FROM user ORDER BY user.id
2023-06-05 19:08:19,585 INFO:[cached since 133.6s ago] {}
2023-06-05 19:08:19,620 INFO:ROLLBACK
2023-06-05 19:08:26,165 INFO:BEGIN (implicit)
2023-06-05 19:08:26,166 INFO:SELECT `role`.id, `role`.roles, `role`.`approvalAmount`, `role`.date_updated, `role`.date_credited 
FROM `role` ORDER BY `role`.roles
2023-06-05 19:08:26,166 INFO:[cached since 292.5s ago] {}
2023-06-05 19:08:26,201 INFO:ROLLBACK
2023-06-05 19:08:26,272 INFO:BEGIN (implicit)
2023-06-05 19:08:26,273 INFO:SELECT user.id, user.username, user.hashed_password, user.email_add, user.is_active, user.role_id, user.date_updated, user.date_credited 
FROM user ORDER BY user.id
2023-06-05 19:08:26,274 INFO:[cached since 140.3s ago] {}
2023-06-05 19:08:26,309 INFO:ROLLBACK
2023-06-05 19:09:29,432 INFO:BEGIN (implicit)
2023-06-05 19:09:29,433 INFO:SELECT `role`.id, `role`.roles, `role`.`approvalAmount`, `role`.date_updated, `role`.date_credited 
FROM `role` ORDER BY `role`.roles
2023-06-05 19:09:29,433 INFO:[cached since 355.8s ago] {}
2023-06-05 19:09:29,469 INFO:ROLLBACK
2023-06-05 19:09:29,539 INFO:BEGIN (implicit)
2023-06-05 19:09:29,541 INFO:SELECT user.id, user.username, user.hashed_password, user.email_add, user.is_active, user.role_id, user.date_updated, user.date_credited 
FROM user ORDER BY user.id
2023-06-05 19:09:29,542 INFO:[cached since 203.5s ago] {}
2023-06-05 19:09:29,577 INFO:ROLLBACK
2023-06-05 19:10:02,196 INFO:BEGIN (implicit)
2023-06-05 19:10:02,197 INFO:SELECT `role`.id, `role`.roles, `role`.`approvalAmount`, `role`.date_updated, `role`.date_credited 
FROM `role` ORDER BY `role`.roles
2023-06-05 19:10:02,198 INFO:[cached since 388.5s ago] {}
2023-06-05 19:10:02,235 INFO:ROLLBACK
2023-06-05 19:10:02,307 INFO:BEGIN (implicit)
2023-06-05 19:10:02,309 INFO:SELECT user.id, user.username, user.hashed_password, user.email_add, user.is_active, user.role_id, user.date_updated, user.date_credited 
FROM user ORDER BY user.id
2023-06-05 19:10:02,310 INFO:[cached since 236.3s ago] {}
2023-06-05 19:10:02,346 INFO:ROLLBACK
2023-06-05 19:10:47,060 INFO:BEGIN (implicit)
2023-06-05 19:10:47,061 INFO:SELECT `role`.id, `role`.roles, `role`.`approvalAmount`, `role`.date_updated, `role`.date_credited 
FROM `role` ORDER BY `role`.roles
2023-06-05 19:10:47,061 INFO:[cached since 433.4s ago] {}
2023-06-05 19:10:47,099 INFO:ROLLBACK
2023-06-05 19:10:47,168 INFO:BEGIN (implicit)
2023-06-05 19:10:47,169 INFO:SELECT user.id, user.username, user.hashed_password, user.email_add, user.is_active, user.role_id, user.date_updated, user.date_credited 
FROM user ORDER BY user.id
2023-06-05 19:10:47,170 INFO:[cached since 281.2s ago] {}
2023-06-05 19:10:47,206 INFO:ROLLBACK
2023-06-05 19:13:44,049 INFO:SELECT DATABASE()
2023-06-05 19:13:44,049 INFO:[raw sql] {}
2023-06-05 19:13:44,123 INFO:SELECT @@sql_mode
2023-06-05 19:13:44,123 INFO:[raw sql] {}
2023-06-05 19:13:44,153 INFO:SELECT @@lower_case_table_names
2023-06-05 19:13:44,153 INFO:[raw sql] {}
2023-06-05 19:13:44,231 INFO:BEGIN (implicit)
2023-06-05 19:13:44,236 INFO:SELECT user.id, user.username, user.hashed_password, user.email_add, user.is_active, user.role_id, user.date_updated, user.date_credited 
FROM user 
WHERE user.username = %(username_1)s
2023-06-05 19:13:44,251 INFO:[generated in 0.00175s] {'username_1': 'joeysabusido'}
2023-06-05 19:13:44,273 INFO:ROLLBACK
2023-06-05 19:13:47,771 INFO:BEGIN (implicit)
2023-06-05 19:13:47,773 INFO:SELECT `role`.id, `role`.roles, `role`.`approvalAmount`, `role`.date_updated, `role`.date_credited 
FROM `role` ORDER BY `role`.roles
2023-06-05 19:13:47,774 INFO:[generated in 0.00088s] {}
2023-06-05 19:13:47,813 INFO:ROLLBACK
2023-06-05 19:13:47,881 INFO:BEGIN (implicit)
2023-06-05 19:13:47,883 INFO:SELECT user.id, user.username, user.hashed_password, user.email_add, user.is_active, user.role_id, user.date_updated, user.date_credited 
FROM user ORDER BY user.id
2023-06-05 19:13:47,885 INFO:[generated in 0.00136s] {}
2023-06-05 19:13:47,921 INFO:ROLLBACK
2023-06-05 19:20:27,201 INFO:BEGIN (implicit)
2023-06-05 19:20:27,202 INFO:SELECT `role`.id, `role`.roles, `role`.`approvalAmount`, `role`.date_updated, `role`.date_credited 
FROM `role` ORDER BY `role`.roles
2023-06-05 19:20:27,203 INFO:[cached since 399.4s ago] {}
2023-06-05 19:20:46,863 INFO:BEGIN (implicit)
2023-06-05 19:20:46,864 INFO:SELECT `role`.id, `role`.roles, `role`.`approvalAmount`, `role`.date_updated, `role`.date_credited 
FROM `role` ORDER BY `role`.roles
2023-06-05 19:20:46,865 INFO:[cached since 419.1s ago] {}
2023-06-05 19:20:46,904 INFO:ROLLBACK
2023-06-05 19:20:46,972 INFO:BEGIN (implicit)
2023-06-05 19:20:46,973 INFO:SELECT user.id, user.username, user.hashed_password, user.email_add, user.is_active, user.role_id, user.date_updated, user.date_credited 
FROM user ORDER BY user.id
2023-06-05 19:20:46,974 INFO:[cached since 419.1s ago] {}
2023-06-05 19:20:47,012 INFO:ROLLBACK
2023-06-05 19:20:49,351 INFO:BEGIN (implicit)
2023-06-05 19:20:49,352 INFO:SELECT `role`.id, `role`.roles, `role`.`approvalAmount`, `role`.date_updated, `role`.date_credited 
FROM `role` ORDER BY `role`.roles
2023-06-05 19:20:49,353 INFO:[cached since 421.6s ago] {}
2023-06-05 19:20:49,386 INFO:ROLLBACK
2023-06-05 19:20:49,452 INFO:BEGIN (implicit)
2023-06-05 19:20:49,454 INFO:SELECT user.id, user.username, user.hashed_password, user.email_add, user.is_active, user.role_id, user.date_updated, user.date_credited 
FROM user ORDER BY user.id
2023-06-05 19:20:49,455 INFO:[cached since 421.6s ago] {}
2023-06-05 19:20:49,490 INFO:ROLLBACK
2023-06-05 19:24:35,585 INFO:SELECT DATABASE()
2023-06-05 19:24:35,587 INFO:[raw sql] {}
2023-06-05 19:24:35,656 INFO:SELECT @@sql_mode
2023-06-05 19:24:35,657 INFO:[raw sql] {}
2023-06-05 19:24:35,690 INFO:SELECT @@lower_case_table_names
2023-06-05 19:24:35,691 INFO:[raw sql] {}
2023-06-05 19:24:35,759 INFO:BEGIN (implicit)
2023-06-05 19:24:35,777 INFO:SELECT user.id, user.username, user.hashed_password, user.email_add, user.is_active, user.role_id, user.date_updated, user.date_credited 
FROM user 
WHERE user.username = %(username_1)s
2023-06-05 19:24:35,779 INFO:[generated in 0.00186s] {'username_1': 'joeysabusido'}
2023-06-05 19:24:35,817 INFO:ROLLBACK
2023-06-05 19:24:35,887 INFO:BEGIN (implicit)
2023-06-05 19:24:35,890 INFO:SELECT `role`.id, `role`.roles, `role`.`approvalAmount`, `role`.date_updated, `role`.date_credited 
FROM `role` ORDER BY `role`.roles
2023-06-05 19:24:35,891 INFO:[generated in 0.00145s] {}
2023-06-05 19:24:35,927 INFO:ROLLBACK
2023-06-05 19:27:57,684 INFO:SELECT DATABASE()
2023-06-05 19:27:57,685 INFO:[raw sql] {}
2023-06-05 19:27:57,753 INFO:SELECT @@sql_mode
2023-06-05 19:27:57,754 INFO:[raw sql] {}
2023-06-05 19:27:57,801 INFO:SELECT @@lower_case_table_names
2023-06-05 19:27:57,802 INFO:[raw sql] {}
2023-06-05 19:27:57,890 INFO:BEGIN (implicit)
2023-06-05 19:27:57,908 INFO:SELECT user.id, user.username, user.hashed_password, user.email_add, user.is_active, user.role_id, user.date_updated, user.date_credited 
FROM user 
WHERE user.username = %(username_1)s
2023-06-05 19:27:57,910 INFO:[generated in 0.00172s] {'username_1': 'gracesabusido'}
2023-06-05 19:27:57,972 INFO:ROLLBACK
2023-06-05 19:28:05,998 INFO:BEGIN (implicit)
2023-06-05 19:28:05,998 INFO:SELECT user.id, user.username, user.hashed_password, user.email_add, user.is_active, user.role_id, user.date_updated, user.date_credited 
FROM user 
WHERE user.username = %(username_1)s
2023-06-05 19:28:05,998 INFO:[cached since 8.094s ago] {'username_1': 'joeysabusido'}
2023-06-05 19:28:06,039 INFO:ROLLBACK
2023-06-05 19:28:14,594 INFO:BEGIN (implicit)
2023-06-05 19:28:14,595 INFO:SELECT user.id, user.username, user.hashed_password, user.email_add, user.is_active, user.role_id, user.date_updated, user.date_credited 
FROM user 
WHERE user.username = %(username_1)s
2023-06-05 19:28:14,595 INFO:[cached since 16.69s ago] {'username_1': 'joeysabusido'}
2023-06-05 19:28:14,633 INFO:ROLLBACK
2023-06-05 19:28:14,702 INFO:BEGIN (implicit)
2023-06-05 19:28:14,703 INFO:SELECT `role`.id, `role`.roles, `role`.`approvalAmount`, `role`.date_updated, `role`.date_credited 
FROM `role` ORDER BY `role`.roles
2023-06-05 19:28:14,704 INFO:[generated in 0.00059s] {}
2023-06-05 19:28:14,740 INFO:ROLLBACK
2023-06-05 19:30:05,543 INFO:BEGIN (implicit)
2023-06-05 19:30:05,544 INFO:SELECT user.id, user.username, user.hashed_password, user.email_add, user.is_active, user.role_id, user.date_updated, user.date_credited 
FROM user 
WHERE user.username = %(username_1)s
2023-06-05 19:30:05,544 INFO:[cached since 127.6s ago] {'username_1': 'joeysabusido'}
2023-06-05 19:30:05,582 INFO:ROLLBACK
2023-06-05 19:30:05,650 INFO:BEGIN (implicit)
2023-06-05 19:30:05,652 INFO:SELECT `role`.id, `role`.roles, `role`.`approvalAmount`, `role`.date_updated, `role`.date_credited 
FROM `role` ORDER BY `role`.roles
2023-06-05 19:30:05,653 INFO:[cached since 110.9s ago] {}
2023-06-05 19:30:05,688 INFO:ROLLBACK
2023-06-05 19:30:07,910 INFO:BEGIN (implicit)
2023-06-05 19:30:07,911 INFO:SELECT user.id, user.username, user.hashed_password, user.email_add, user.is_active, user.role_id, user.date_updated, user.date_credited 
FROM user 
WHERE user.username = %(username_1)s
2023-06-05 19:30:07,912 INFO:[cached since 130s ago] {'username_1': 'joeysabusido'}
2023-06-05 19:30:07,947 INFO:ROLLBACK
2023-06-05 19:30:08,014 INFO:BEGIN (implicit)
2023-06-05 19:30:08,015 INFO:SELECT `role`.id, `role`.roles, `role`.`approvalAmount`, `role`.date_updated, `role`.date_credited 
FROM `role` ORDER BY `role`.roles
2023-06-05 19:30:08,016 INFO:[cached since 113.3s ago] {}
2023-06-05 19:30:08,052 INFO:ROLLBACK
2023-06-05 19:30:54,648 INFO:BEGIN (implicit)
2023-06-05 19:30:54,649 INFO:SELECT `role`.id, `role`.roles, `role`.`approvalAmount`, `role`.date_updated, `role`.date_credited 
FROM `role` ORDER BY `role`.roles
2023-06-05 19:30:54,650 INFO:[cached since 159.9s ago] {}
2023-06-05 19:30:54,685 INFO:ROLLBACK
2023-06-05 19:30:54,753 INFO:BEGIN (implicit)
2023-06-05 19:30:54,755 INFO:SELECT user.id, user.username, user.hashed_password, user.email_add, user.is_active, user.role_id, user.date_updated, user.date_credited 
FROM user ORDER BY user.id
2023-06-05 19:30:54,756 INFO:[generated in 0.00115s] {}
2023-06-05 19:30:54,791 INFO:ROLLBACK
